08-Feb-2020 02:47:40.613 INFO [main] org.apache.catalina.core.StandardServer.await A valid shutdown command was received via the shutdown port. Stopping the Server instance.
08-Feb-2020 02:47:40.614 INFO [main] org.apache.coyote.AbstractProtocol.pause Pausing ProtocolHandler ["http-nio-8080"]
08-Feb-2020 02:47:40.623 INFO [main] org.apache.coyote.AbstractProtocol.pause Pausing ProtocolHandler ["ajp-nio-8009"]
08-Feb-2020 02:47:40.634 INFO [main] org.apache.catalina.core.StandardService.stopInternal Stopping service [Catalina]
08-Feb-2020 02:47:40.702 WARNING [main] org.apache.catalina.loader.WebappClassLoaderBase.clearReferencesJdbc The web application [dss-demo-webapp-5.5] registered the JDBC driver [org.hsqldb.jdbc.JDBCDriver] but failed to unregister it when the web application was stopped. To prevent a memory leak, the JDBC Driver has been forcibly unregistered.
08-Feb-2020 02:47:40.703 WARNING [main] org.apache.catalina.loader.WebappClassLoaderBase.clearReferencesThreads The web application [dss-demo-webapp-5.5] appears to have started a thread named [Catalina-utility-2] but has failed to stop it. This is very likely to create a memory leak. Stack trace of thread:
 java.util.zip.ZipFile.getEntry(Native Method)
 java.util.zip.ZipFile.getEntry(ZipFile.java:316)
 java.util.jar.JarFile.getEntry(JarFile.java:240)
 java.util.jar.JarFile.getJarEntry(JarFile.java:223)
 org.apache.catalina.webresources.AbstractSingleArchiveResourceSet.getArchiveEntry(AbstractSingleArchiveResourceSet.java:98)
 org.apache.catalina.webresources.AbstractArchiveResourceSet.getResource(AbstractArchiveResourceSet.java:266)
 org.apache.catalina.webresources.StandardRoot.getResourceInternal(StandardRoot.java:282)
 org.apache.catalina.webresources.Cache.getResource(Cache.java:62)
 org.apache.catalina.webresources.StandardRoot.getResource(StandardRoot.java:217)
 org.apache.catalina.webresources.StandardRoot.getClassLoaderResource(StandardRoot.java:226)
 org.apache.catalina.loader.WebappClassLoaderBase.modified(WebappClassLoaderBase.java:740)
 org.apache.catalina.loader.WebappLoader.modified(WebappLoader.java:344)
 org.apache.catalina.loader.WebappLoader.backgroundProcess(WebappLoader.java:288)
 org.apache.catalina.core.StandardContext.backgroundProcess(StandardContext.java:5530)
 org.apache.catalina.core.ContainerBase$ContainerBackgroundProcessor.processChildren(ContainerBase.java:1353)
 org.apache.catalina.core.ContainerBase$ContainerBackgroundProcessor.processChildren(ContainerBase.java:1357)
 org.apache.catalina.core.ContainerBase$ContainerBackgroundProcessor.processChildren(ContainerBase.java:1357)
 org.apache.catalina.core.ContainerBase$ContainerBackgroundProcessor.run(ContainerBase.java:1335)
 java.util.concurrent.Executors$RunnableAdapter.call(Executors.java:511)
 java.util.concurrent.FutureTask.runAndReset(FutureTask.java:308)
 java.util.concurrent.ScheduledThreadPoolExecutor$ScheduledFutureTask.access$301(ScheduledThreadPoolExecutor.java:180)
 java.util.concurrent.ScheduledThreadPoolExecutor$ScheduledFutureTask.run(ScheduledThreadPoolExecutor.java:294)
 java.util.concurrent.ThreadPoolExecutor.runWorker(ThreadPoolExecutor.java:1149)
 java.util.concurrent.ThreadPoolExecutor$Worker.run(ThreadPoolExecutor.java:624)
 org.apache.tomcat.util.threads.TaskThread$WrappingRunnable.run(TaskThread.java:61)
 java.lang.Thread.run(Thread.java:748)
08-Feb-2020 02:47:40.706 WARNING [Catalina-utility-2] org.apache.catalina.core.StandardContext.backgroundProcess Exception processing loader [WebappLoader[StandardEngine[Catalina].StandardHost[localhost].StandardContext[/dss-demo-webapp-5.5]]] background process
	java.lang.NullPointerException
		at org.apache.catalina.loader.WebappClassLoaderBase.modified(WebappClassLoaderBase.java:740)
		at org.apache.catalina.loader.WebappLoader.modified(WebappLoader.java:344)
		at org.apache.catalina.loader.WebappLoader.backgroundProcess(WebappLoader.java:288)
		at org.apache.catalina.core.StandardContext.backgroundProcess(StandardContext.java:5530)
		at org.apache.catalina.core.ContainerBase$ContainerBackgroundProcessor.processChildren(ContainerBase.java:1353)
		at org.apache.catalina.core.ContainerBase$ContainerBackgroundProcessor.processChildren(ContainerBase.java:1357)
		at org.apache.catalina.core.ContainerBase$ContainerBackgroundProcessor.processChildren(ContainerBase.java:1357)
		at org.apache.catalina.core.ContainerBase$ContainerBackgroundProcessor.run(ContainerBase.java:1335)
		at java.util.concurrent.Executors$RunnableAdapter.call(Executors.java:511)
		at java.util.concurrent.FutureTask.runAndReset(FutureTask.java:308)
		at java.util.concurrent.ScheduledThreadPoolExecutor$ScheduledFutureTask.access$301(ScheduledThreadPoolExecutor.java:180)
		at java.util.concurrent.ScheduledThreadPoolExecutor$ScheduledFutureTask.run(ScheduledThreadPoolExecutor.java:294)
		at java.util.concurrent.ThreadPoolExecutor.runWorker(ThreadPoolExecutor.java:1149)
		at java.util.concurrent.ThreadPoolExecutor$Worker.run(ThreadPoolExecutor.java:624)
		at org.apache.tomcat.util.threads.TaskThread$WrappingRunnable.run(TaskThread.java:61)
		at java.lang.Thread.run(Thread.java:748)
08-Feb-2020 02:47:40.714 INFO [main] org.apache.coyote.AbstractProtocol.stop Stopping ProtocolHandler ["http-nio-8080"]
08-Feb-2020 02:47:40.716 INFO [main] org.apache.coyote.AbstractProtocol.stop Stopping ProtocolHandler ["ajp-nio-8009"]
08-Feb-2020 02:47:40.717 INFO [main] org.apache.coyote.AbstractProtocol.destroy Destroying ProtocolHandler ["http-nio-8080"]
08-Feb-2020 02:47:40.718 INFO [main] org.apache.coyote.AbstractProtocol.destroy Destroying ProtocolHandler ["ajp-nio-8009"]
08-Feb-2020 13:28:16.884 INFO [main] org.apache.catalina.startup.VersionLoggerListener.log Server version name:   Apache Tomcat/9.0.30
08-Feb-2020 13:28:16.886 INFO [main] org.apache.catalina.startup.VersionLoggerListener.log Server built:          Dec 7 2019 16:42:04 UTC
08-Feb-2020 13:28:16.886 INFO [main] org.apache.catalina.startup.VersionLoggerListener.log Server version number: 9.0.30.0
08-Feb-2020 13:28:16.886 INFO [main] org.apache.catalina.startup.VersionLoggerListener.log OS Name:               Linux
08-Feb-2020 13:28:16.886 INFO [main] org.apache.catalina.startup.VersionLoggerListener.log OS Version:            5.3.0-28-generic
08-Feb-2020 13:28:16.886 INFO [main] org.apache.catalina.startup.VersionLoggerListener.log Architecture:          amd64
08-Feb-2020 13:28:16.886 INFO [main] org.apache.catalina.startup.VersionLoggerListener.log Java Home:             /usr/lib/jvm/java-8-openjdk-amd64/jre
08-Feb-2020 13:28:16.886 INFO [main] org.apache.catalina.startup.VersionLoggerListener.log JVM Version:           1.8.0_242-8u242-b08-0ubuntu3~18.04-b08
08-Feb-2020 13:28:16.887 INFO [main] org.apache.catalina.startup.VersionLoggerListener.log JVM Vendor:            Private Build
08-Feb-2020 13:28:16.887 INFO [main] org.apache.catalina.startup.VersionLoggerListener.log CATALINA_BASE:         /opt/tomcat
08-Feb-2020 13:28:16.887 INFO [main] org.apache.catalina.startup.VersionLoggerListener.log CATALINA_HOME:         /opt/tomcat
08-Feb-2020 13:28:16.888 INFO [main] org.apache.catalina.startup.VersionLoggerListener.log Command line argument: -Djava.util.logging.config.file=/opt/tomcat/conf/logging.properties
08-Feb-2020 13:28:16.888 INFO [main] org.apache.catalina.startup.VersionLoggerListener.log Command line argument: -Djava.util.logging.manager=org.apache.juli.ClassLoaderLogManager
08-Feb-2020 13:28:16.888 INFO [main] org.apache.catalina.startup.VersionLoggerListener.log Command line argument: -Djava.awt.headless=true
08-Feb-2020 13:28:16.888 INFO [main] org.apache.catalina.startup.VersionLoggerListener.log Command line argument: -Djava.security.egd=file:/dev/./urandom
08-Feb-2020 13:28:16.888 INFO [main] org.apache.catalina.startup.VersionLoggerListener.log Command line argument: -Djdk.tls.ephemeralDHKeySize=2048
08-Feb-2020 13:28:16.888 INFO [main] org.apache.catalina.startup.VersionLoggerListener.log Command line argument: -Djava.protocol.handler.pkgs=org.apache.catalina.webresources
08-Feb-2020 13:28:16.888 INFO [main] org.apache.catalina.startup.VersionLoggerListener.log Command line argument: -Dorg.apache.catalina.security.SecurityListener.UMASK=0027
08-Feb-2020 13:28:16.888 INFO [main] org.apache.catalina.startup.VersionLoggerListener.log Command line argument: -Xms512M
08-Feb-2020 13:28:16.888 INFO [main] org.apache.catalina.startup.VersionLoggerListener.log Command line argument: -Xmx1024M
08-Feb-2020 13:28:16.889 INFO [main] org.apache.catalina.startup.VersionLoggerListener.log Command line argument: -XX:+UseParallelGC
08-Feb-2020 13:28:16.889 INFO [main] org.apache.catalina.startup.VersionLoggerListener.log Command line argument: -Dignore.endorsed.dirs=
08-Feb-2020 13:28:16.889 INFO [main] org.apache.catalina.startup.VersionLoggerListener.log Command line argument: -Dcatalina.base=/opt/tomcat
08-Feb-2020 13:28:16.889 INFO [main] org.apache.catalina.startup.VersionLoggerListener.log Command line argument: -Dcatalina.home=/opt/tomcat
08-Feb-2020 13:28:16.889 INFO [main] org.apache.catalina.startup.VersionLoggerListener.log Command line argument: -Djava.io.tmpdir=/opt/tomcat/temp
08-Feb-2020 13:28:16.889 INFO [main] org.apache.catalina.core.AprLifecycleListener.lifecycleEvent The APR based Apache Tomcat Native library which allows optimal performance in production environments was not found on the java.library.path: [/usr/java/packages/lib/amd64:/usr/lib/x86_64-linux-gnu/jni:/lib/x86_64-linux-gnu:/usr/lib/x86_64-linux-gnu:/usr/lib/jni:/lib:/usr/lib]
08-Feb-2020 13:28:17.278 INFO [main] org.apache.coyote.AbstractProtocol.init Initializing ProtocolHandler ["http-nio-8080"]
08-Feb-2020 13:28:17.366 INFO [main] org.apache.coyote.AbstractProtocol.init Initializing ProtocolHandler ["ajp-nio-8009"]
08-Feb-2020 13:28:17.368 INFO [main] org.apache.catalina.startup.Catalina.load Server initialization in [758] milliseconds
08-Feb-2020 13:28:17.414 INFO [main] org.apache.catalina.core.StandardService.startInternal Starting service [Catalina]
08-Feb-2020 13:28:17.415 INFO [main] org.apache.catalina.core.StandardEngine.startInternal Starting Servlet engine: [Apache Tomcat/9.0.30]
08-Feb-2020 13:28:17.419 SEVERE [main] org.apache.catalina.startup.HostConfig.beforeStart Unable to create directory for deployment: [/opt/tomcat/conf/Catalina/localhost]
08-Feb-2020 13:28:17.476 INFO [main] org.apache.catalina.startup.HostConfig.deployWAR Deploying web application archive [/opt/tomcat/webapps/dss-demo-webapp-5.5.war]
08-Feb-2020 13:28:24.765 INFO [main] org.apache.jasper.servlet.TldScanner.scanJars At least one JAR was scanned for TLDs yet contained no TLDs. Enable debug logging for this logger for a complete list of JARs that were scanned but no TLDs were found in them. Skipping unneeded JARs during scanning can improve startup time and JSP compilation time.
08-Feb-2020 13:28:44.387 INFO [main] org.apache.catalina.startup.HostConfig.deployWAR Deployment of web application archive [/opt/tomcat/webapps/dss-demo-webapp-5.5.war] has finished in [26,911] ms
08-Feb-2020 13:28:44.388 INFO [main] org.apache.catalina.startup.HostConfig.deployDirectory Deploying web application directory [/opt/tomcat/webapps/examples]
08-Feb-2020 13:28:44.785 INFO [main] org.apache.catalina.startup.HostConfig.deployDirectory Deployment of web application directory [/opt/tomcat/webapps/examples] has finished in [397] ms
08-Feb-2020 13:28:44.785 INFO [main] org.apache.catalina.startup.HostConfig.deployDirectory Deploying web application directory [/opt/tomcat/webapps/host-manager]
08-Feb-2020 13:28:44.838 INFO [main] org.apache.catalina.startup.HostConfig.deployDirectory Deployment of web application directory [/opt/tomcat/webapps/host-manager] has finished in [53] ms
08-Feb-2020 13:28:44.839 INFO [main] org.apache.catalina.startup.HostConfig.deployDirectory Deploying web application directory [/opt/tomcat/webapps/manager]
08-Feb-2020 13:28:44.893 INFO [main] org.apache.catalina.startup.HostConfig.deployDirectory Deployment of web application directory [/opt/tomcat/webapps/manager] has finished in [54] ms
08-Feb-2020 13:28:44.894 INFO [main] org.apache.catalina.startup.HostConfig.deployDirectory Deploying web application directory [/opt/tomcat/webapps/docs]
08-Feb-2020 13:28:44.918 INFO [main] org.apache.catalina.startup.HostConfig.deployDirectory Deployment of web application directory [/opt/tomcat/webapps/docs] has finished in [25] ms
08-Feb-2020 13:28:44.919 INFO [main] org.apache.catalina.startup.HostConfig.deployDirectory Deploying web application directory [/opt/tomcat/webapps/ROOT]
08-Feb-2020 13:28:44.940 INFO [main] org.apache.catalina.startup.HostConfig.deployDirectory Deployment of web application directory [/opt/tomcat/webapps/ROOT] has finished in [21] ms
08-Feb-2020 13:28:44.944 INFO [main] org.apache.coyote.AbstractProtocol.start Starting ProtocolHandler ["http-nio-8080"]
08-Feb-2020 13:28:45.046 INFO [main] org.apache.coyote.AbstractProtocol.start Starting ProtocolHandler ["ajp-nio-8009"]
08-Feb-2020 13:28:45.095 INFO [main] org.apache.catalina.startup.Catalina.start Server startup in [27,726] milliseconds
