29-Jan-2020 21:00:34.282 INFO [main] org.apache.catalina.startup.VersionLoggerListener.log Server version name:   Apache Tomcat/9.0.30
29-Jan-2020 21:00:34.284 INFO [main] org.apache.catalina.startup.VersionLoggerListener.log Server built:          Dec 7 2019 16:42:04 UTC
29-Jan-2020 21:00:34.284 INFO [main] org.apache.catalina.startup.VersionLoggerListener.log Server version number: 9.0.30.0
29-Jan-2020 21:00:34.284 INFO [main] org.apache.catalina.startup.VersionLoggerListener.log OS Name:               Linux
29-Jan-2020 21:00:34.284 INFO [main] org.apache.catalina.startup.VersionLoggerListener.log OS Version:            5.3.0-26-generic
29-Jan-2020 21:00:34.284 INFO [main] org.apache.catalina.startup.VersionLoggerListener.log Architecture:          amd64
29-Jan-2020 21:00:34.284 INFO [main] org.apache.catalina.startup.VersionLoggerListener.log Java Home:             /usr/lib/jvm/java-8-openjdk-amd64/jre
29-Jan-2020 21:00:34.284 INFO [main] org.apache.catalina.startup.VersionLoggerListener.log JVM Version:           1.8.0_232-8u232-b09-0ubuntu1~18.04.1-b09
29-Jan-2020 21:00:34.284 INFO [main] org.apache.catalina.startup.VersionLoggerListener.log JVM Vendor:            Private Build
29-Jan-2020 21:00:34.284 INFO [main] org.apache.catalina.startup.VersionLoggerListener.log CATALINA_BASE:         /opt/tomcat
29-Jan-2020 21:00:34.285 INFO [main] org.apache.catalina.startup.VersionLoggerListener.log CATALINA_HOME:         /opt/tomcat
29-Jan-2020 21:00:34.286 INFO [main] org.apache.catalina.startup.VersionLoggerListener.log Command line argument: -Djava.util.logging.config.file=/opt/tomcat/conf/logging.properties
29-Jan-2020 21:00:34.287 INFO [main] org.apache.catalina.startup.VersionLoggerListener.log Command line argument: -Djava.util.logging.manager=org.apache.juli.ClassLoaderLogManager
29-Jan-2020 21:00:34.287 INFO [main] org.apache.catalina.startup.VersionLoggerListener.log Command line argument: -Djava.awt.headless=true
29-Jan-2020 21:00:34.287 INFO [main] org.apache.catalina.startup.VersionLoggerListener.log Command line argument: -Djava.security.egd=file:/dev/./urandom
29-Jan-2020 21:00:34.287 INFO [main] org.apache.catalina.startup.VersionLoggerListener.log Command line argument: -Djdk.tls.ephemeralDHKeySize=2048
29-Jan-2020 21:00:34.287 INFO [main] org.apache.catalina.startup.VersionLoggerListener.log Command line argument: -Djava.protocol.handler.pkgs=org.apache.catalina.webresources
29-Jan-2020 21:00:34.287 INFO [main] org.apache.catalina.startup.VersionLoggerListener.log Command line argument: -Dorg.apache.catalina.security.SecurityListener.UMASK=0027
29-Jan-2020 21:00:34.287 INFO [main] org.apache.catalina.startup.VersionLoggerListener.log Command line argument: -Xms512M
29-Jan-2020 21:00:34.287 INFO [main] org.apache.catalina.startup.VersionLoggerListener.log Command line argument: -Xmx1024M
29-Jan-2020 21:00:34.287 INFO [main] org.apache.catalina.startup.VersionLoggerListener.log Command line argument: -XX:+UseParallelGC
29-Jan-2020 21:00:34.288 INFO [main] org.apache.catalina.startup.VersionLoggerListener.log Command line argument: -Dignore.endorsed.dirs=
29-Jan-2020 21:00:34.288 INFO [main] org.apache.catalina.startup.VersionLoggerListener.log Command line argument: -Dcatalina.base=/opt/tomcat
29-Jan-2020 21:00:34.288 INFO [main] org.apache.catalina.startup.VersionLoggerListener.log Command line argument: -Dcatalina.home=/opt/tomcat
29-Jan-2020 21:00:34.288 INFO [main] org.apache.catalina.startup.VersionLoggerListener.log Command line argument: -Djava.io.tmpdir=/opt/tomcat/temp
29-Jan-2020 21:00:34.288 INFO [main] org.apache.catalina.core.AprLifecycleListener.lifecycleEvent The APR based Apache Tomcat Native library which allows optimal performance in production environments was not found on the java.library.path: [/usr/java/packages/lib/amd64:/usr/lib/x86_64-linux-gnu/jni:/lib/x86_64-linux-gnu:/usr/lib/x86_64-linux-gnu:/usr/lib/jni:/lib:/usr/lib]
29-Jan-2020 21:00:34.760 INFO [main] org.apache.coyote.AbstractProtocol.init Initializing ProtocolHandler ["http-nio-8080"]
29-Jan-2020 21:00:34.789 INFO [main] org.apache.coyote.AbstractProtocol.init Initializing ProtocolHandler ["ajp-nio-8009"]
29-Jan-2020 21:00:34.797 INFO [main] org.apache.catalina.startup.Catalina.load Server initialization in [838] milliseconds
29-Jan-2020 21:00:34.839 INFO [main] org.apache.catalina.core.StandardService.startInternal Starting service [Catalina]
29-Jan-2020 21:00:34.839 INFO [main] org.apache.catalina.core.StandardEngine.startInternal Starting Servlet engine: [Apache Tomcat/9.0.30]
29-Jan-2020 21:00:34.842 SEVERE [main] org.apache.catalina.startup.HostConfig.beforeStart Unable to create directory for deployment: [/opt/tomcat/conf/Catalina/localhost]
29-Jan-2020 21:00:34.880 INFO [main] org.apache.catalina.startup.HostConfig.deployWAR Deploying web application archive [/opt/tomcat/webapps/dss-demo-webapp-5.5.war]
29-Jan-2020 21:00:40.402 INFO [main] org.apache.jasper.servlet.TldScanner.scanJars At least one JAR was scanned for TLDs yet contained no TLDs. Enable debug logging for this logger for a complete list of JARs that were scanned but no TLDs were found in them. Skipping unneeded JARs during scanning can improve startup time and JSP compilation time.
29-Jan-2020 21:01:06.396 INFO [main] org.apache.catalina.startup.HostConfig.deployWAR Deployment of web application archive [/opt/tomcat/webapps/dss-demo-webapp-5.5.war] has finished in [31,516] ms
29-Jan-2020 21:01:06.405 INFO [main] org.apache.catalina.startup.HostConfig.deployDirectory Deploying web application directory [/opt/tomcat/webapps/examples]
29-Jan-2020 21:01:06.922 INFO [main] org.apache.catalina.startup.HostConfig.deployDirectory Deployment of web application directory [/opt/tomcat/webapps/examples] has finished in [517] ms
29-Jan-2020 21:01:06.923 INFO [main] org.apache.catalina.startup.HostConfig.deployDirectory Deploying web application directory [/opt/tomcat/webapps/host-manager]
29-Jan-2020 21:01:06.953 INFO [main] org.apache.catalina.startup.HostConfig.deployDirectory Deployment of web application directory [/opt/tomcat/webapps/host-manager] has finished in [31] ms
29-Jan-2020 21:01:06.955 INFO [main] org.apache.catalina.startup.HostConfig.deployDirectory Deploying web application directory [/opt/tomcat/webapps/manager]
29-Jan-2020 21:01:07.002 INFO [main] org.apache.catalina.startup.HostConfig.deployDirectory Deployment of web application directory [/opt/tomcat/webapps/manager] has finished in [47] ms
29-Jan-2020 21:01:07.003 INFO [main] org.apache.catalina.startup.HostConfig.deployDirectory Deploying web application directory [/opt/tomcat/webapps/docs]
29-Jan-2020 21:01:07.051 INFO [main] org.apache.catalina.startup.HostConfig.deployDirectory Deployment of web application directory [/opt/tomcat/webapps/docs] has finished in [48] ms
29-Jan-2020 21:01:07.051 INFO [main] org.apache.catalina.startup.HostConfig.deployDirectory Deploying web application directory [/opt/tomcat/webapps/ROOT]
29-Jan-2020 21:01:07.092 INFO [main] org.apache.catalina.startup.HostConfig.deployDirectory Deployment of web application directory [/opt/tomcat/webapps/ROOT] has finished in [41] ms
29-Jan-2020 21:01:07.103 INFO [main] org.apache.coyote.AbstractProtocol.start Starting ProtocolHandler ["http-nio-8080"]
29-Jan-2020 21:01:07.166 INFO [main] org.apache.coyote.AbstractProtocol.start Starting ProtocolHandler ["ajp-nio-8009"]
29-Jan-2020 21:01:07.247 INFO [main] org.apache.catalina.startup.Catalina.start Server startup in [32,860] milliseconds
