25-Jan-2020 02:55:33.288 INFO [main] org.apache.catalina.core.StandardServer.await A valid shutdown command was received via the shutdown port. Stopping the Server instance.
25-Jan-2020 02:55:33.290 INFO [main] org.apache.coyote.AbstractProtocol.pause Pausing ProtocolHandler ["http-nio-8080"]
25-Jan-2020 02:55:33.297 INFO [main] org.apache.coyote.AbstractProtocol.pause Pausing ProtocolHandler ["ajp-nio-8009"]
25-Jan-2020 02:55:33.303 INFO [main] org.apache.catalina.core.StandardService.stopInternal Stopping service [Catalina]
25-Jan-2020 02:55:33.379 WARNING [main] org.apache.catalina.loader.WebappClassLoaderBase.clearReferencesJdbc The web application [dss-demo-webapp-5.5] registered the JDBC driver [org.hsqldb.jdbc.JDBCDriver] but failed to unregister it when the web application was stopped. To prevent a memory leak, the JDBC Driver has been forcibly unregistered.
25-Jan-2020 02:55:33.395 INFO [main] org.apache.coyote.AbstractProtocol.stop Stopping ProtocolHandler ["http-nio-8080"]
25-Jan-2020 02:55:33.405 INFO [main] org.apache.coyote.AbstractProtocol.stop Stopping ProtocolHandler ["ajp-nio-8009"]
25-Jan-2020 02:55:33.406 INFO [main] org.apache.coyote.AbstractProtocol.destroy Destroying ProtocolHandler ["http-nio-8080"]
25-Jan-2020 02:55:33.407 INFO [main] org.apache.coyote.AbstractProtocol.destroy Destroying ProtocolHandler ["ajp-nio-8009"]
25-Jan-2020 11:56:09.554 INFO [main] org.apache.catalina.startup.VersionLoggerListener.log Server version name:   Apache Tomcat/9.0.30
25-Jan-2020 11:56:09.560 INFO [main] org.apache.catalina.startup.VersionLoggerListener.log Server built:          Dec 7 2019 16:42:04 UTC
25-Jan-2020 11:56:09.560 INFO [main] org.apache.catalina.startup.VersionLoggerListener.log Server version number: 9.0.30.0
25-Jan-2020 11:56:09.561 INFO [main] org.apache.catalina.startup.VersionLoggerListener.log OS Name:               Linux
25-Jan-2020 11:56:09.561 INFO [main] org.apache.catalina.startup.VersionLoggerListener.log OS Version:            5.3.0-26-generic
25-Jan-2020 11:56:09.561 INFO [main] org.apache.catalina.startup.VersionLoggerListener.log Architecture:          amd64
25-Jan-2020 11:56:09.561 INFO [main] org.apache.catalina.startup.VersionLoggerListener.log Java Home:             /usr/lib/jvm/java-8-openjdk-amd64/jre
25-Jan-2020 11:56:09.561 INFO [main] org.apache.catalina.startup.VersionLoggerListener.log JVM Version:           1.8.0_232-8u232-b09-0ubuntu1~18.04.1-b09
25-Jan-2020 11:56:09.562 INFO [main] org.apache.catalina.startup.VersionLoggerListener.log JVM Vendor:            Private Build
25-Jan-2020 11:56:09.562 INFO [main] org.apache.catalina.startup.VersionLoggerListener.log CATALINA_BASE:         /opt/tomcat
25-Jan-2020 11:56:09.562 INFO [main] org.apache.catalina.startup.VersionLoggerListener.log CATALINA_HOME:         /opt/tomcat
25-Jan-2020 11:56:09.562 INFO [main] org.apache.catalina.startup.VersionLoggerListener.log Command line argument: -Djava.util.logging.config.file=/opt/tomcat/conf/logging.properties
25-Jan-2020 11:56:09.563 INFO [main] org.apache.catalina.startup.VersionLoggerListener.log Command line argument: -Djava.util.logging.manager=org.apache.juli.ClassLoaderLogManager
25-Jan-2020 11:56:09.563 INFO [main] org.apache.catalina.startup.VersionLoggerListener.log Command line argument: -Djava.awt.headless=true
25-Jan-2020 11:56:09.563 INFO [main] org.apache.catalina.startup.VersionLoggerListener.log Command line argument: -Djava.security.egd=file:/dev/./urandom
25-Jan-2020 11:56:09.563 INFO [main] org.apache.catalina.startup.VersionLoggerListener.log Command line argument: -Djdk.tls.ephemeralDHKeySize=2048
25-Jan-2020 11:56:09.564 INFO [main] org.apache.catalina.startup.VersionLoggerListener.log Command line argument: -Djava.protocol.handler.pkgs=org.apache.catalina.webresources
25-Jan-2020 11:56:09.564 INFO [main] org.apache.catalina.startup.VersionLoggerListener.log Command line argument: -Dorg.apache.catalina.security.SecurityListener.UMASK=0027
25-Jan-2020 11:56:09.565 INFO [main] org.apache.catalina.startup.VersionLoggerListener.log Command line argument: -Xms512M
25-Jan-2020 11:56:09.565 INFO [main] org.apache.catalina.startup.VersionLoggerListener.log Command line argument: -Xmx1024M
25-Jan-2020 11:56:09.565 INFO [main] org.apache.catalina.startup.VersionLoggerListener.log Command line argument: -XX:+UseParallelGC
25-Jan-2020 11:56:09.565 INFO [main] org.apache.catalina.startup.VersionLoggerListener.log Command line argument: -Dignore.endorsed.dirs=
25-Jan-2020 11:56:09.566 INFO [main] org.apache.catalina.startup.VersionLoggerListener.log Command line argument: -Dcatalina.base=/opt/tomcat
25-Jan-2020 11:56:09.566 INFO [main] org.apache.catalina.startup.VersionLoggerListener.log Command line argument: -Dcatalina.home=/opt/tomcat
25-Jan-2020 11:56:09.566 INFO [main] org.apache.catalina.startup.VersionLoggerListener.log Command line argument: -Djava.io.tmpdir=/opt/tomcat/temp
25-Jan-2020 11:56:09.566 INFO [main] org.apache.catalina.core.AprLifecycleListener.lifecycleEvent The APR based Apache Tomcat Native library which allows optimal performance in production environments was not found on the java.library.path: [/usr/java/packages/lib/amd64:/usr/lib/x86_64-linux-gnu/jni:/lib/x86_64-linux-gnu:/usr/lib/x86_64-linux-gnu:/usr/lib/jni:/lib:/usr/lib]
25-Jan-2020 11:56:10.173 INFO [main] org.apache.coyote.AbstractProtocol.init Initializing ProtocolHandler ["http-nio-8080"]
25-Jan-2020 11:56:10.211 INFO [main] org.apache.coyote.AbstractProtocol.init Initializing ProtocolHandler ["ajp-nio-8009"]
25-Jan-2020 11:56:10.231 INFO [main] org.apache.catalina.startup.Catalina.load Server initialization in [1,094] milliseconds
25-Jan-2020 11:56:10.275 INFO [main] org.apache.catalina.core.StandardService.startInternal Starting service [Catalina]
25-Jan-2020 11:56:10.276 INFO [main] org.apache.catalina.core.StandardEngine.startInternal Starting Servlet engine: [Apache Tomcat/9.0.30]
25-Jan-2020 11:56:10.279 SEVERE [main] org.apache.catalina.startup.HostConfig.beforeStart Unable to create directory for deployment: [/opt/tomcat/conf/Catalina/localhost]
25-Jan-2020 11:56:10.334 INFO [main] org.apache.catalina.startup.HostConfig.deployWAR Deploying web application archive [/opt/tomcat/webapps/dss-demo-webapp-5.5.war]
25-Jan-2020 11:56:17.385 INFO [main] org.apache.jasper.servlet.TldScanner.scanJars At least one JAR was scanned for TLDs yet contained no TLDs. Enable debug logging for this logger for a complete list of JARs that were scanned but no TLDs were found in them. Skipping unneeded JARs during scanning can improve startup time and JSP compilation time.
25-Jan-2020 11:56:33.268 INFO [main] org.apache.catalina.startup.HostConfig.deployWAR Deployment of web application archive [/opt/tomcat/webapps/dss-demo-webapp-5.5.war] has finished in [22,934] ms
25-Jan-2020 11:56:33.269 INFO [main] org.apache.catalina.startup.HostConfig.deployDirectory Deploying web application directory [/opt/tomcat/webapps/examples]
25-Jan-2020 11:56:33.407 INFO [main] org.apache.catalina.startup.HostConfig.deployDirectory Deployment of web application directory [/opt/tomcat/webapps/examples] has finished in [138] ms
25-Jan-2020 11:56:33.407 INFO [main] org.apache.catalina.startup.HostConfig.deployDirectory Deploying web application directory [/opt/tomcat/webapps/host-manager]
25-Jan-2020 11:56:33.430 INFO [main] org.apache.catalina.startup.HostConfig.deployDirectory Deployment of web application directory [/opt/tomcat/webapps/host-manager] has finished in [23] ms
25-Jan-2020 11:56:33.430 INFO [main] org.apache.catalina.startup.HostConfig.deployDirectory Deploying web application directory [/opt/tomcat/webapps/manager]
25-Jan-2020 11:56:33.449 INFO [main] org.apache.catalina.startup.HostConfig.deployDirectory Deployment of web application directory [/opt/tomcat/webapps/manager] has finished in [19] ms
25-Jan-2020 11:56:33.449 INFO [main] org.apache.catalina.startup.HostConfig.deployDirectory Deploying web application directory [/opt/tomcat/webapps/docs]
25-Jan-2020 11:56:33.460 INFO [main] org.apache.catalina.startup.HostConfig.deployDirectory Deployment of web application directory [/opt/tomcat/webapps/docs] has finished in [11] ms
25-Jan-2020 11:56:33.460 INFO [main] org.apache.catalina.startup.HostConfig.deployDirectory Deploying web application directory [/opt/tomcat/webapps/ROOT]
25-Jan-2020 11:56:33.471 INFO [main] org.apache.catalina.startup.HostConfig.deployDirectory Deployment of web application directory [/opt/tomcat/webapps/ROOT] has finished in [11] ms
25-Jan-2020 11:56:33.474 INFO [main] org.apache.coyote.AbstractProtocol.start Starting ProtocolHandler ["http-nio-8080"]
25-Jan-2020 11:56:33.492 INFO [main] org.apache.coyote.AbstractProtocol.start Starting ProtocolHandler ["ajp-nio-8009"]
25-Jan-2020 11:56:33.497 INFO [main] org.apache.catalina.startup.Catalina.start Server startup in [23,263] milliseconds
