01-Feb-2020 04:00:40.635 INFO [main] org.apache.catalina.core.StandardServer.await A valid shutdown command was received via the shutdown port. Stopping the Server instance.
01-Feb-2020 04:00:40.636 INFO [main] org.apache.coyote.AbstractProtocol.pause Pausing ProtocolHandler ["http-nio-8080"]
01-Feb-2020 04:00:40.643 INFO [main] org.apache.coyote.AbstractProtocol.pause Pausing ProtocolHandler ["ajp-nio-8009"]
01-Feb-2020 04:00:40.648 INFO [main] org.apache.catalina.core.StandardService.stopInternal Stopping service [Catalina]
01-Feb-2020 04:00:40.704 WARNING [main] org.apache.catalina.loader.WebappClassLoaderBase.clearReferencesJdbc The web application [dss-demo-webapp-5.5] registered the JDBC driver [org.hsqldb.jdbc.JDBCDriver] but failed to unregister it when the web application was stopped. To prevent a memory leak, the JDBC Driver has been forcibly unregistered.
01-Feb-2020 04:00:40.721 INFO [main] org.apache.coyote.AbstractProtocol.stop Stopping ProtocolHandler ["http-nio-8080"]
01-Feb-2020 04:00:40.725 INFO [main] org.apache.coyote.AbstractProtocol.stop Stopping ProtocolHandler ["ajp-nio-8009"]
01-Feb-2020 04:00:40.734 INFO [main] org.apache.coyote.AbstractProtocol.destroy Destroying ProtocolHandler ["http-nio-8080"]
01-Feb-2020 04:00:40.735 INFO [main] org.apache.coyote.AbstractProtocol.destroy Destroying ProtocolHandler ["ajp-nio-8009"]
01-Feb-2020 14:30:06.736 INFO [main] org.apache.catalina.startup.VersionLoggerListener.log Server version name:   Apache Tomcat/9.0.30
01-Feb-2020 14:30:06.742 INFO [main] org.apache.catalina.startup.VersionLoggerListener.log Server built:          Dec 7 2019 16:42:04 UTC
01-Feb-2020 14:30:06.742 INFO [main] org.apache.catalina.startup.VersionLoggerListener.log Server version number: 9.0.30.0
01-Feb-2020 14:30:06.743 INFO [main] org.apache.catalina.startup.VersionLoggerListener.log OS Name:               Linux
01-Feb-2020 14:30:06.743 INFO [main] org.apache.catalina.startup.VersionLoggerListener.log OS Version:            5.3.0-28-generic
01-Feb-2020 14:30:06.743 INFO [main] org.apache.catalina.startup.VersionLoggerListener.log Architecture:          amd64
01-Feb-2020 14:30:06.744 INFO [main] org.apache.catalina.startup.VersionLoggerListener.log Java Home:             /usr/lib/jvm/java-8-openjdk-amd64/jre
01-Feb-2020 14:30:06.744 INFO [main] org.apache.catalina.startup.VersionLoggerListener.log JVM Version:           1.8.0_242-8u242-b08-0ubuntu3~18.04-b08
01-Feb-2020 14:30:06.744 INFO [main] org.apache.catalina.startup.VersionLoggerListener.log JVM Vendor:            Private Build
01-Feb-2020 14:30:06.745 INFO [main] org.apache.catalina.startup.VersionLoggerListener.log CATALINA_BASE:         /opt/tomcat
01-Feb-2020 14:30:06.745 INFO [main] org.apache.catalina.startup.VersionLoggerListener.log CATALINA_HOME:         /opt/tomcat
01-Feb-2020 14:30:06.746 INFO [main] org.apache.catalina.startup.VersionLoggerListener.log Command line argument: -Djava.util.logging.config.file=/opt/tomcat/conf/logging.properties
01-Feb-2020 14:30:06.746 INFO [main] org.apache.catalina.startup.VersionLoggerListener.log Command line argument: -Djava.util.logging.manager=org.apache.juli.ClassLoaderLogManager
01-Feb-2020 14:30:06.746 INFO [main] org.apache.catalina.startup.VersionLoggerListener.log Command line argument: -Djava.awt.headless=true
01-Feb-2020 14:30:06.747 INFO [main] org.apache.catalina.startup.VersionLoggerListener.log Command line argument: -Djava.security.egd=file:/dev/./urandom
01-Feb-2020 14:30:06.747 INFO [main] org.apache.catalina.startup.VersionLoggerListener.log Command line argument: -Djdk.tls.ephemeralDHKeySize=2048
01-Feb-2020 14:30:06.747 INFO [main] org.apache.catalina.startup.VersionLoggerListener.log Command line argument: -Djava.protocol.handler.pkgs=org.apache.catalina.webresources
01-Feb-2020 14:30:06.747 INFO [main] org.apache.catalina.startup.VersionLoggerListener.log Command line argument: -Dorg.apache.catalina.security.SecurityListener.UMASK=0027
01-Feb-2020 14:30:06.748 INFO [main] org.apache.catalina.startup.VersionLoggerListener.log Command line argument: -Xms512M
01-Feb-2020 14:30:06.748 INFO [main] org.apache.catalina.startup.VersionLoggerListener.log Command line argument: -Xmx1024M
01-Feb-2020 14:30:06.748 INFO [main] org.apache.catalina.startup.VersionLoggerListener.log Command line argument: -XX:+UseParallelGC
01-Feb-2020 14:30:06.748 INFO [main] org.apache.catalina.startup.VersionLoggerListener.log Command line argument: -Dignore.endorsed.dirs=
01-Feb-2020 14:30:06.749 INFO [main] org.apache.catalina.startup.VersionLoggerListener.log Command line argument: -Dcatalina.base=/opt/tomcat
01-Feb-2020 14:30:06.749 INFO [main] org.apache.catalina.startup.VersionLoggerListener.log Command line argument: -Dcatalina.home=/opt/tomcat
01-Feb-2020 14:30:06.749 INFO [main] org.apache.catalina.startup.VersionLoggerListener.log Command line argument: -Djava.io.tmpdir=/opt/tomcat/temp
01-Feb-2020 14:30:06.750 INFO [main] org.apache.catalina.core.AprLifecycleListener.lifecycleEvent The APR based Apache Tomcat Native library which allows optimal performance in production environments was not found on the java.library.path: [/usr/java/packages/lib/amd64:/usr/lib/x86_64-linux-gnu/jni:/lib/x86_64-linux-gnu:/usr/lib/x86_64-linux-gnu:/usr/lib/jni:/lib:/usr/lib]
01-Feb-2020 14:30:07.276 INFO [main] org.apache.coyote.AbstractProtocol.init Initializing ProtocolHandler ["http-nio-8080"]
01-Feb-2020 14:30:07.308 INFO [main] org.apache.coyote.AbstractProtocol.init Initializing ProtocolHandler ["ajp-nio-8009"]
01-Feb-2020 14:30:07.312 INFO [main] org.apache.catalina.startup.Catalina.load Server initialization in [1,018] milliseconds
01-Feb-2020 14:30:07.368 INFO [main] org.apache.catalina.core.StandardService.startInternal Starting service [Catalina]
01-Feb-2020 14:30:07.368 INFO [main] org.apache.catalina.core.StandardEngine.startInternal Starting Servlet engine: [Apache Tomcat/9.0.30]
01-Feb-2020 14:30:07.371 SEVERE [main] org.apache.catalina.startup.HostConfig.beforeStart Unable to create directory for deployment: [/opt/tomcat/conf/Catalina/localhost]
01-Feb-2020 14:30:07.401 INFO [main] org.apache.catalina.startup.HostConfig.deployWAR Deploying web application archive [/opt/tomcat/webapps/dss-demo-webapp-5.5.war]
01-Feb-2020 14:30:14.002 INFO [main] org.apache.jasper.servlet.TldScanner.scanJars At least one JAR was scanned for TLDs yet contained no TLDs. Enable debug logging for this logger for a complete list of JARs that were scanned but no TLDs were found in them. Skipping unneeded JARs during scanning can improve startup time and JSP compilation time.
01-Feb-2020 14:30:29.898 INFO [main] org.apache.catalina.startup.HostConfig.deployWAR Deployment of web application archive [/opt/tomcat/webapps/dss-demo-webapp-5.5.war] has finished in [22,497] ms
01-Feb-2020 14:30:29.899 INFO [main] org.apache.catalina.startup.HostConfig.deployDirectory Deploying web application directory [/opt/tomcat/webapps/examples]
01-Feb-2020 14:30:30.042 INFO [main] org.apache.catalina.startup.HostConfig.deployDirectory Deployment of web application directory [/opt/tomcat/webapps/examples] has finished in [142] ms
01-Feb-2020 14:30:30.042 INFO [main] org.apache.catalina.startup.HostConfig.deployDirectory Deploying web application directory [/opt/tomcat/webapps/host-manager]
01-Feb-2020 14:30:30.065 INFO [main] org.apache.catalina.startup.HostConfig.deployDirectory Deployment of web application directory [/opt/tomcat/webapps/host-manager] has finished in [23] ms
01-Feb-2020 14:30:30.066 INFO [main] org.apache.catalina.startup.HostConfig.deployDirectory Deploying web application directory [/opt/tomcat/webapps/manager]
01-Feb-2020 14:30:30.083 INFO [main] org.apache.catalina.startup.HostConfig.deployDirectory Deployment of web application directory [/opt/tomcat/webapps/manager] has finished in [17] ms
01-Feb-2020 14:30:30.083 INFO [main] org.apache.catalina.startup.HostConfig.deployDirectory Deploying web application directory [/opt/tomcat/webapps/docs]
01-Feb-2020 14:30:30.095 INFO [main] org.apache.catalina.startup.HostConfig.deployDirectory Deployment of web application directory [/opt/tomcat/webapps/docs] has finished in [11] ms
01-Feb-2020 14:30:30.095 INFO [main] org.apache.catalina.startup.HostConfig.deployDirectory Deploying web application directory [/opt/tomcat/webapps/ROOT]
01-Feb-2020 14:30:30.106 INFO [main] org.apache.catalina.startup.HostConfig.deployDirectory Deployment of web application directory [/opt/tomcat/webapps/ROOT] has finished in [11] ms
01-Feb-2020 14:30:30.109 INFO [main] org.apache.coyote.AbstractProtocol.start Starting ProtocolHandler ["http-nio-8080"]
01-Feb-2020 14:30:30.130 INFO [main] org.apache.coyote.AbstractProtocol.start Starting ProtocolHandler ["ajp-nio-8009"]
01-Feb-2020 14:30:30.135 INFO [main] org.apache.catalina.startup.Catalina.start Server startup in [22,821] milliseconds
