16-Feb-2020 04:43:12.471 INFO [main] org.apache.catalina.core.StandardServer.await A valid shutdown command was received via the shutdown port. Stopping the Server instance.
16-Feb-2020 04:43:12.471 INFO [main] org.apache.coyote.AbstractProtocol.pause Pausing ProtocolHandler ["http-nio-8080"]
16-Feb-2020 04:43:12.487 INFO [main] org.apache.coyote.AbstractProtocol.pause Pausing ProtocolHandler ["ajp-nio-8009"]
16-Feb-2020 04:43:12.489 INFO [main] org.apache.catalina.core.StandardService.stopInternal Stopping service [Catalina]
16-Feb-2020 04:43:12.558 WARNING [main] org.apache.catalina.loader.WebappClassLoaderBase.clearReferencesJdbc The web application [dss-demo-webapp-5.5] registered the JDBC driver [org.hsqldb.jdbc.JDBCDriver] but failed to unregister it when the web application was stopped. To prevent a memory leak, the JDBC Driver has been forcibly unregistered.
16-Feb-2020 04:43:12.559 WARNING [main] org.apache.catalina.loader.WebappClassLoaderBase.clearReferencesThreads The web application [dss-demo-webapp-5.5] appears to have started a thread named [Catalina-utility-2] but has failed to stop it. This is very likely to create a memory leak. Stack trace of thread:
 java.util.zip.ZipFile.getEntry(Native Method)
 java.util.zip.ZipFile.getEntry(ZipFile.java:316)
 java.util.jar.JarFile.getEntry(JarFile.java:240)
 java.util.jar.JarFile.getJarEntry(JarFile.java:223)
 org.apache.catalina.webresources.AbstractSingleArchiveResourceSet.getArchiveEntry(AbstractSingleArchiveResourceSet.java:98)
 org.apache.catalina.webresources.AbstractArchiveResourceSet.getResource(AbstractArchiveResourceSet.java:256)
 org.apache.catalina.webresources.StandardRoot.getResourceInternal(StandardRoot.java:282)
 org.apache.catalina.webresources.Cache.getResource(Cache.java:62)
 org.apache.catalina.webresources.StandardRoot.getResource(StandardRoot.java:217)
 org.apache.catalina.webresources.StandardRoot.getClassLoaderResource(StandardRoot.java:226)
 org.apache.catalina.loader.WebappClassLoaderBase.modified(WebappClassLoaderBase.java:740)
 org.apache.catalina.loader.WebappLoader.modified(WebappLoader.java:344)
 org.apache.catalina.loader.WebappLoader.backgroundProcess(WebappLoader.java:288)
 org.apache.catalina.core.StandardContext.backgroundProcess(StandardContext.java:5530)
 org.apache.catalina.core.ContainerBase$ContainerBackgroundProcessor.processChildren(ContainerBase.java:1353)
 org.apache.catalina.core.ContainerBase$ContainerBackgroundProcessor.processChildren(ContainerBase.java:1357)
 org.apache.catalina.core.ContainerBase$ContainerBackgroundProcessor.processChildren(ContainerBase.java:1357)
 org.apache.catalina.core.ContainerBase$ContainerBackgroundProcessor.run(ContainerBase.java:1335)
 java.util.concurrent.Executors$RunnableAdapter.call(Executors.java:511)
 java.util.concurrent.FutureTask.runAndReset(FutureTask.java:308)
 java.util.concurrent.ScheduledThreadPoolExecutor$ScheduledFutureTask.access$301(ScheduledThreadPoolExecutor.java:180)
 java.util.concurrent.ScheduledThreadPoolExecutor$ScheduledFutureTask.run(ScheduledThreadPoolExecutor.java:294)
 java.util.concurrent.ThreadPoolExecutor.runWorker(ThreadPoolExecutor.java:1149)
 java.util.concurrent.ThreadPoolExecutor$Worker.run(ThreadPoolExecutor.java:624)
 org.apache.tomcat.util.threads.TaskThread$WrappingRunnable.run(TaskThread.java:61)
 java.lang.Thread.run(Thread.java:748)
16-Feb-2020 04:43:12.564 WARNING [Catalina-utility-2] org.apache.catalina.core.StandardContext.backgroundProcess Exception processing loader [WebappLoader[StandardEngine[Catalina].StandardHost[localhost].StandardContext[/dss-demo-webapp-5.5]]] background process
	java.lang.NullPointerException
		at org.apache.catalina.loader.WebappClassLoaderBase.modified(WebappClassLoaderBase.java:740)
		at org.apache.catalina.loader.WebappLoader.modified(WebappLoader.java:344)
		at org.apache.catalina.loader.WebappLoader.backgroundProcess(WebappLoader.java:288)
		at org.apache.catalina.core.StandardContext.backgroundProcess(StandardContext.java:5530)
		at org.apache.catalina.core.ContainerBase$ContainerBackgroundProcessor.processChildren(ContainerBase.java:1353)
		at org.apache.catalina.core.ContainerBase$ContainerBackgroundProcessor.processChildren(ContainerBase.java:1357)
		at org.apache.catalina.core.ContainerBase$ContainerBackgroundProcessor.processChildren(ContainerBase.java:1357)
		at org.apache.catalina.core.ContainerBase$ContainerBackgroundProcessor.run(ContainerBase.java:1335)
		at java.util.concurrent.Executors$RunnableAdapter.call(Executors.java:511)
		at java.util.concurrent.FutureTask.runAndReset(FutureTask.java:308)
		at java.util.concurrent.ScheduledThreadPoolExecutor$ScheduledFutureTask.access$301(ScheduledThreadPoolExecutor.java:180)
		at java.util.concurrent.ScheduledThreadPoolExecutor$ScheduledFutureTask.run(ScheduledThreadPoolExecutor.java:294)
		at java.util.concurrent.ThreadPoolExecutor.runWorker(ThreadPoolExecutor.java:1149)
		at java.util.concurrent.ThreadPoolExecutor$Worker.run(ThreadPoolExecutor.java:624)
		at org.apache.tomcat.util.threads.TaskThread$WrappingRunnable.run(TaskThread.java:61)
		at java.lang.Thread.run(Thread.java:748)
16-Feb-2020 04:43:12.586 INFO [main] org.apache.coyote.AbstractProtocol.stop Stopping ProtocolHandler ["http-nio-8080"]
16-Feb-2020 04:43:12.588 INFO [main] org.apache.coyote.AbstractProtocol.stop Stopping ProtocolHandler ["ajp-nio-8009"]
16-Feb-2020 04:43:12.589 INFO [main] org.apache.coyote.AbstractProtocol.destroy Destroying ProtocolHandler ["http-nio-8080"]
16-Feb-2020 04:43:12.589 INFO [main] org.apache.coyote.AbstractProtocol.destroy Destroying ProtocolHandler ["ajp-nio-8009"]
16-Feb-2020 14:00:48.012 INFO [main] org.apache.catalina.startup.VersionLoggerListener.log Server version name:   Apache Tomcat/9.0.30
16-Feb-2020 14:00:48.018 INFO [main] org.apache.catalina.startup.VersionLoggerListener.log Server built:          Dec 7 2019 16:42:04 UTC
16-Feb-2020 14:00:48.019 INFO [main] org.apache.catalina.startup.VersionLoggerListener.log Server version number: 9.0.30.0
16-Feb-2020 14:00:48.019 INFO [main] org.apache.catalina.startup.VersionLoggerListener.log OS Name:               Linux
16-Feb-2020 14:00:48.020 INFO [main] org.apache.catalina.startup.VersionLoggerListener.log OS Version:            5.3.0-28-generic
16-Feb-2020 14:00:48.020 INFO [main] org.apache.catalina.startup.VersionLoggerListener.log Architecture:          amd64
16-Feb-2020 14:00:48.020 INFO [main] org.apache.catalina.startup.VersionLoggerListener.log Java Home:             /usr/lib/jvm/java-8-openjdk-amd64/jre
16-Feb-2020 14:00:48.021 INFO [main] org.apache.catalina.startup.VersionLoggerListener.log JVM Version:           1.8.0_242-8u242-b08-0ubuntu3~18.04-b08
16-Feb-2020 14:00:48.021 INFO [main] org.apache.catalina.startup.VersionLoggerListener.log JVM Vendor:            Private Build
16-Feb-2020 14:00:48.021 INFO [main] org.apache.catalina.startup.VersionLoggerListener.log CATALINA_BASE:         /opt/tomcat
16-Feb-2020 14:00:48.021 INFO [main] org.apache.catalina.startup.VersionLoggerListener.log CATALINA_HOME:         /opt/tomcat
16-Feb-2020 14:00:48.022 INFO [main] org.apache.catalina.startup.VersionLoggerListener.log Command line argument: -Djava.util.logging.config.file=/opt/tomcat/conf/logging.properties
16-Feb-2020 14:00:48.022 INFO [main] org.apache.catalina.startup.VersionLoggerListener.log Command line argument: -Djava.util.logging.manager=org.apache.juli.ClassLoaderLogManager
16-Feb-2020 14:00:48.022 INFO [main] org.apache.catalina.startup.VersionLoggerListener.log Command line argument: -Djava.awt.headless=true
16-Feb-2020 14:00:48.023 INFO [main] org.apache.catalina.startup.VersionLoggerListener.log Command line argument: -Djava.security.egd=file:/dev/./urandom
16-Feb-2020 14:00:48.023 INFO [main] org.apache.catalina.startup.VersionLoggerListener.log Command line argument: -Djdk.tls.ephemeralDHKeySize=2048
16-Feb-2020 14:00:48.023 INFO [main] org.apache.catalina.startup.VersionLoggerListener.log Command line argument: -Djava.protocol.handler.pkgs=org.apache.catalina.webresources
16-Feb-2020 14:00:48.024 INFO [main] org.apache.catalina.startup.VersionLoggerListener.log Command line argument: -Dorg.apache.catalina.security.SecurityListener.UMASK=0027
16-Feb-2020 14:00:48.024 INFO [main] org.apache.catalina.startup.VersionLoggerListener.log Command line argument: -Xms512M
16-Feb-2020 14:00:48.024 INFO [main] org.apache.catalina.startup.VersionLoggerListener.log Command line argument: -Xmx1024M
16-Feb-2020 14:00:48.024 INFO [main] org.apache.catalina.startup.VersionLoggerListener.log Command line argument: -XX:+UseParallelGC
16-Feb-2020 14:00:48.025 INFO [main] org.apache.catalina.startup.VersionLoggerListener.log Command line argument: -Dignore.endorsed.dirs=
16-Feb-2020 14:00:48.025 INFO [main] org.apache.catalina.startup.VersionLoggerListener.log Command line argument: -Dcatalina.base=/opt/tomcat
16-Feb-2020 14:00:48.025 INFO [main] org.apache.catalina.startup.VersionLoggerListener.log Command line argument: -Dcatalina.home=/opt/tomcat
16-Feb-2020 14:00:48.025 INFO [main] org.apache.catalina.startup.VersionLoggerListener.log Command line argument: -Djava.io.tmpdir=/opt/tomcat/temp
16-Feb-2020 14:00:48.025 INFO [main] org.apache.catalina.core.AprLifecycleListener.lifecycleEvent The APR based Apache Tomcat Native library which allows optimal performance in production environments was not found on the java.library.path: [/usr/java/packages/lib/amd64:/usr/lib/x86_64-linux-gnu/jni:/lib/x86_64-linux-gnu:/usr/lib/x86_64-linux-gnu:/usr/lib/jni:/lib:/usr/lib]
16-Feb-2020 14:00:48.417 INFO [main] org.apache.coyote.AbstractProtocol.init Initializing ProtocolHandler ["http-nio-8080"]
16-Feb-2020 14:00:48.503 INFO [main] org.apache.coyote.AbstractProtocol.init Initializing ProtocolHandler ["ajp-nio-8009"]
16-Feb-2020 14:00:48.510 INFO [main] org.apache.catalina.startup.Catalina.load Server initialization in [785] milliseconds
16-Feb-2020 14:00:48.571 INFO [main] org.apache.catalina.core.StandardService.startInternal Starting service [Catalina]
16-Feb-2020 14:00:48.571 INFO [main] org.apache.catalina.core.StandardEngine.startInternal Starting Servlet engine: [Apache Tomcat/9.0.30]
16-Feb-2020 14:00:48.577 SEVERE [main] org.apache.catalina.startup.HostConfig.beforeStart Unable to create directory for deployment: [/opt/tomcat/conf/Catalina/localhost]
16-Feb-2020 14:00:48.645 INFO [main] org.apache.catalina.startup.HostConfig.deployWAR Deploying web application archive [/opt/tomcat/webapps/dss-demo-webapp-5.5.war]
16-Feb-2020 14:00:54.872 INFO [main] org.apache.jasper.servlet.TldScanner.scanJars At least one JAR was scanned for TLDs yet contained no TLDs. Enable debug logging for this logger for a complete list of JARs that were scanned but no TLDs were found in them. Skipping unneeded JARs during scanning can improve startup time and JSP compilation time.
16-Feb-2020 14:01:15.871 INFO [main] org.apache.catalina.startup.HostConfig.deployWAR Deployment of web application archive [/opt/tomcat/webapps/dss-demo-webapp-5.5.war] has finished in [27,225] ms
16-Feb-2020 14:01:15.872 INFO [main] org.apache.catalina.startup.HostConfig.deployDirectory Deploying web application directory [/opt/tomcat/webapps/examples]
16-Feb-2020 14:01:16.114 INFO [main] org.apache.catalina.startup.HostConfig.deployDirectory Deployment of web application directory [/opt/tomcat/webapps/examples] has finished in [243] ms
16-Feb-2020 14:01:16.115 INFO [main] org.apache.catalina.startup.HostConfig.deployDirectory Deploying web application directory [/opt/tomcat/webapps/host-manager]
16-Feb-2020 14:01:16.139 INFO [main] org.apache.catalina.startup.HostConfig.deployDirectory Deployment of web application directory [/opt/tomcat/webapps/host-manager] has finished in [23] ms
16-Feb-2020 14:01:16.139 INFO [main] org.apache.catalina.startup.HostConfig.deployDirectory Deploying web application directory [/opt/tomcat/webapps/manager]
16-Feb-2020 14:01:16.157 INFO [main] org.apache.catalina.startup.HostConfig.deployDirectory Deployment of web application directory [/opt/tomcat/webapps/manager] has finished in [18] ms
16-Feb-2020 14:01:16.158 INFO [main] org.apache.catalina.startup.HostConfig.deployDirectory Deploying web application directory [/opt/tomcat/webapps/docs]
16-Feb-2020 14:01:16.170 INFO [main] org.apache.catalina.startup.HostConfig.deployDirectory Deployment of web application directory [/opt/tomcat/webapps/docs] has finished in [13] ms
16-Feb-2020 14:01:16.170 INFO [main] org.apache.catalina.startup.HostConfig.deployDirectory Deploying web application directory [/opt/tomcat/webapps/ROOT]
16-Feb-2020 14:01:16.184 INFO [main] org.apache.catalina.startup.HostConfig.deployDirectory Deployment of web application directory [/opt/tomcat/webapps/ROOT] has finished in [14] ms
16-Feb-2020 14:01:16.189 INFO [main] org.apache.coyote.AbstractProtocol.start Starting ProtocolHandler ["http-nio-8080"]
16-Feb-2020 14:01:16.210 INFO [main] org.apache.coyote.AbstractProtocol.start Starting ProtocolHandler ["ajp-nio-8009"]
16-Feb-2020 14:01:16.225 INFO [main] org.apache.catalina.startup.Catalina.start Server startup in [27,713] milliseconds
