21-Feb-2020 05:28:21.486 INFO [main] org.apache.catalina.core.StandardServer.await A valid shutdown command was received via the shutdown port. Stopping the Server instance.
21-Feb-2020 05:28:21.487 INFO [main] org.apache.coyote.AbstractProtocol.pause Pausing ProtocolHandler ["http-nio-8080"]
21-Feb-2020 05:28:21.494 INFO [main] org.apache.coyote.AbstractProtocol.pause Pausing ProtocolHandler ["ajp-nio-8009"]
21-Feb-2020 05:28:21.500 INFO [main] org.apache.catalina.core.StandardService.stopInternal Stopping service [Catalina]
21-Feb-2020 05:28:21.567 WARNING [main] org.apache.catalina.loader.WebappClassLoaderBase.clearReferencesJdbc The web application [dss-demo-webapp-5.5] registered the JDBC driver [org.hsqldb.jdbc.JDBCDriver] but failed to unregister it when the web application was stopped. To prevent a memory leak, the JDBC Driver has been forcibly unregistered.
21-Feb-2020 05:28:21.598 INFO [main] org.apache.coyote.AbstractProtocol.stop Stopping ProtocolHandler ["http-nio-8080"]
21-Feb-2020 05:28:21.611 INFO [main] org.apache.coyote.AbstractProtocol.stop Stopping ProtocolHandler ["ajp-nio-8009"]
21-Feb-2020 05:28:21.614 INFO [main] org.apache.coyote.AbstractProtocol.destroy Destroying ProtocolHandler ["http-nio-8080"]
21-Feb-2020 05:28:21.614 INFO [main] org.apache.coyote.AbstractProtocol.destroy Destroying ProtocolHandler ["ajp-nio-8009"]
21-Feb-2020 12:34:52.633 INFO [main] org.apache.catalina.startup.VersionLoggerListener.log Server version name:   Apache Tomcat/9.0.30
21-Feb-2020 12:34:52.635 INFO [main] org.apache.catalina.startup.VersionLoggerListener.log Server built:          Dec 7 2019 16:42:04 UTC
21-Feb-2020 12:34:52.635 INFO [main] org.apache.catalina.startup.VersionLoggerListener.log Server version number: 9.0.30.0
21-Feb-2020 12:34:52.636 INFO [main] org.apache.catalina.startup.VersionLoggerListener.log OS Name:               Linux
21-Feb-2020 12:34:52.636 INFO [main] org.apache.catalina.startup.VersionLoggerListener.log OS Version:            5.3.0-40-generic
21-Feb-2020 12:34:52.636 INFO [main] org.apache.catalina.startup.VersionLoggerListener.log Architecture:          amd64
21-Feb-2020 12:34:52.636 INFO [main] org.apache.catalina.startup.VersionLoggerListener.log Java Home:             /usr/lib/jvm/java-8-openjdk-amd64/jre
21-Feb-2020 12:34:52.636 INFO [main] org.apache.catalina.startup.VersionLoggerListener.log JVM Version:           1.8.0_242-8u242-b08-0ubuntu3~18.04-b08
21-Feb-2020 12:34:52.636 INFO [main] org.apache.catalina.startup.VersionLoggerListener.log JVM Vendor:            Private Build
21-Feb-2020 12:34:52.636 INFO [main] org.apache.catalina.startup.VersionLoggerListener.log CATALINA_BASE:         /home/stefan/servers/tomcat
21-Feb-2020 12:34:52.636 INFO [main] org.apache.catalina.startup.VersionLoggerListener.log CATALINA_HOME:         /home/stefan/servers/tomcat
21-Feb-2020 12:34:52.637 INFO [main] org.apache.catalina.startup.VersionLoggerListener.log Command line argument: -Djava.util.logging.config.file=/home/stefan/servers/tomcat/conf/logging.properties
21-Feb-2020 12:34:52.637 INFO [main] org.apache.catalina.startup.VersionLoggerListener.log Command line argument: -Djava.util.logging.manager=org.apache.juli.ClassLoaderLogManager
21-Feb-2020 12:34:52.637 INFO [main] org.apache.catalina.startup.VersionLoggerListener.log Command line argument: -Djava.awt.headless=true
21-Feb-2020 12:34:52.638 INFO [main] org.apache.catalina.startup.VersionLoggerListener.log Command line argument: -Djava.security.egd=file:/dev/./urandom
21-Feb-2020 12:34:52.638 INFO [main] org.apache.catalina.startup.VersionLoggerListener.log Command line argument: -Djdk.tls.ephemeralDHKeySize=2048
21-Feb-2020 12:34:52.638 INFO [main] org.apache.catalina.startup.VersionLoggerListener.log Command line argument: -Djava.protocol.handler.pkgs=org.apache.catalina.webresources
21-Feb-2020 12:34:52.638 INFO [main] org.apache.catalina.startup.VersionLoggerListener.log Command line argument: -Dorg.apache.catalina.security.SecurityListener.UMASK=0027
21-Feb-2020 12:34:52.638 INFO [main] org.apache.catalina.startup.VersionLoggerListener.log Command line argument: -Xms512M
21-Feb-2020 12:34:52.638 INFO [main] org.apache.catalina.startup.VersionLoggerListener.log Command line argument: -Xmx1024M
21-Feb-2020 12:34:52.638 INFO [main] org.apache.catalina.startup.VersionLoggerListener.log Command line argument: -XX:+UseParallelGC
21-Feb-2020 12:34:52.638 INFO [main] org.apache.catalina.startup.VersionLoggerListener.log Command line argument: -Dignore.endorsed.dirs=
21-Feb-2020 12:34:52.638 INFO [main] org.apache.catalina.startup.VersionLoggerListener.log Command line argument: -Dcatalina.base=/home/stefan/servers/tomcat
21-Feb-2020 12:34:52.639 INFO [main] org.apache.catalina.startup.VersionLoggerListener.log Command line argument: -Dcatalina.home=/home/stefan/servers/tomcat
21-Feb-2020 12:34:52.639 INFO [main] org.apache.catalina.startup.VersionLoggerListener.log Command line argument: -Djava.io.tmpdir=/home/stefan/servers/tomcat/temp
21-Feb-2020 12:34:52.639 INFO [main] org.apache.catalina.core.AprLifecycleListener.lifecycleEvent The APR based Apache Tomcat Native library which allows optimal performance in production environments was not found on the java.library.path: [/usr/java/packages/lib/amd64:/usr/lib/x86_64-linux-gnu/jni:/lib/x86_64-linux-gnu:/usr/lib/x86_64-linux-gnu:/usr/lib/jni:/lib:/usr/lib]
21-Feb-2020 12:34:52.973 INFO [main] org.apache.coyote.AbstractProtocol.init Initializing ProtocolHandler ["http-nio-8080"]
21-Feb-2020 12:34:53.000 INFO [main] org.apache.coyote.AbstractProtocol.init Initializing ProtocolHandler ["ajp-nio-8009"]
21-Feb-2020 12:34:53.002 INFO [main] org.apache.catalina.startup.Catalina.load Server initialization in [590] milliseconds
21-Feb-2020 12:34:53.040 INFO [main] org.apache.catalina.core.StandardService.startInternal Starting service [Catalina]
21-Feb-2020 12:34:53.040 INFO [main] org.apache.catalina.core.StandardEngine.startInternal Starting Servlet engine: [Apache Tomcat/9.0.30]
21-Feb-2020 12:34:53.089 INFO [main] org.apache.catalina.startup.HostConfig.deployWAR Deploying web application archive [/home/stefan/servers/tomcat/webapps/dss-demo-webapp-5.5.war]
21-Feb-2020 12:34:57.712 INFO [main] org.apache.jasper.servlet.TldScanner.scanJars At least one JAR was scanned for TLDs yet contained no TLDs. Enable debug logging for this logger for a complete list of JARs that were scanned but no TLDs were found in them. Skipping unneeded JARs during scanning can improve startup time and JSP compilation time.
21-Feb-2020 12:35:19.968 INFO [main] org.apache.catalina.startup.HostConfig.deployWAR Deployment of web application archive [/home/stefan/servers/tomcat/webapps/dss-demo-webapp-5.5.war] has finished in [26,880] ms
21-Feb-2020 12:35:19.969 INFO [main] org.apache.catalina.startup.HostConfig.deployDirectory Deploying web application directory [/home/stefan/servers/tomcat/webapps/examples]
21-Feb-2020 12:35:20.125 INFO [main] org.apache.catalina.startup.HostConfig.deployDirectory Deployment of web application directory [/home/stefan/servers/tomcat/webapps/examples] has finished in [156] ms
21-Feb-2020 12:35:20.126 INFO [main] org.apache.catalina.startup.HostConfig.deployDirectory Deploying web application directory [/home/stefan/servers/tomcat/webapps/host-manager]
21-Feb-2020 12:35:20.150 INFO [main] org.apache.catalina.startup.HostConfig.deployDirectory Deployment of web application directory [/home/stefan/servers/tomcat/webapps/host-manager] has finished in [24] ms
21-Feb-2020 12:35:20.150 INFO [main] org.apache.catalina.startup.HostConfig.deployDirectory Deploying web application directory [/home/stefan/servers/tomcat/webapps/manager]
21-Feb-2020 12:35:20.168 INFO [main] org.apache.catalina.startup.HostConfig.deployDirectory Deployment of web application directory [/home/stefan/servers/tomcat/webapps/manager] has finished in [18] ms
21-Feb-2020 12:35:20.169 INFO [main] org.apache.catalina.startup.HostConfig.deployDirectory Deploying web application directory [/home/stefan/servers/tomcat/webapps/docs]
21-Feb-2020 12:35:20.187 INFO [main] org.apache.catalina.startup.HostConfig.deployDirectory Deployment of web application directory [/home/stefan/servers/tomcat/webapps/docs] has finished in [18] ms
21-Feb-2020 12:35:20.189 INFO [main] org.apache.catalina.startup.HostConfig.deployDirectory Deploying web application directory [/home/stefan/servers/tomcat/webapps/ROOT]
21-Feb-2020 12:35:20.211 INFO [main] org.apache.catalina.startup.HostConfig.deployDirectory Deployment of web application directory [/home/stefan/servers/tomcat/webapps/ROOT] has finished in [22] ms
21-Feb-2020 12:35:20.218 INFO [main] org.apache.coyote.AbstractProtocol.start Starting ProtocolHandler ["http-nio-8080"]
21-Feb-2020 12:35:20.231 INFO [main] org.apache.coyote.AbstractProtocol.start Starting ProtocolHandler ["ajp-nio-8009"]
21-Feb-2020 12:35:20.245 INFO [main] org.apache.catalina.startup.Catalina.start Server startup in [27,242] milliseconds
