22-Jan-2020 10:35:34.751 INFO [main] org.apache.catalina.startup.VersionLoggerListener.log Server version name:   Apache Tomcat/9.0.30
22-Jan-2020 10:35:34.752 INFO [main] org.apache.catalina.startup.VersionLoggerListener.log Server built:          Dec 7 2019 16:42:04 UTC
22-Jan-2020 10:35:34.753 INFO [main] org.apache.catalina.startup.VersionLoggerListener.log Server version number: 9.0.30.0
22-Jan-2020 10:35:34.753 INFO [main] org.apache.catalina.startup.VersionLoggerListener.log OS Name:               Linux
22-Jan-2020 10:35:34.753 INFO [main] org.apache.catalina.startup.VersionLoggerListener.log OS Version:            5.3.0-26-generic
22-Jan-2020 10:35:34.753 INFO [main] org.apache.catalina.startup.VersionLoggerListener.log Architecture:          amd64
22-Jan-2020 10:35:34.753 INFO [main] org.apache.catalina.startup.VersionLoggerListener.log Java Home:             /usr/lib/jvm/java-8-openjdk-amd64/jre
22-Jan-2020 10:35:34.753 INFO [main] org.apache.catalina.startup.VersionLoggerListener.log JVM Version:           1.8.0_232-8u232-b09-0ubuntu1~18.04.1-b09
22-Jan-2020 10:35:34.753 INFO [main] org.apache.catalina.startup.VersionLoggerListener.log JVM Vendor:            Private Build
22-Jan-2020 10:35:34.753 INFO [main] org.apache.catalina.startup.VersionLoggerListener.log CATALINA_BASE:         /opt/tomcat
22-Jan-2020 10:35:34.753 INFO [main] org.apache.catalina.startup.VersionLoggerListener.log CATALINA_HOME:         /opt/tomcat
22-Jan-2020 10:35:34.754 INFO [main] org.apache.catalina.startup.VersionLoggerListener.log Command line argument: -Djava.util.logging.config.file=/opt/tomcat/conf/logging.properties
22-Jan-2020 10:35:34.754 INFO [main] org.apache.catalina.startup.VersionLoggerListener.log Command line argument: -Djava.util.logging.manager=org.apache.juli.ClassLoaderLogManager
22-Jan-2020 10:35:34.754 INFO [main] org.apache.catalina.startup.VersionLoggerListener.log Command line argument: -Djava.awt.headless=true
22-Jan-2020 10:35:34.754 INFO [main] org.apache.catalina.startup.VersionLoggerListener.log Command line argument: -Djava.security.egd=file:/dev/./urandom
22-Jan-2020 10:35:34.754 INFO [main] org.apache.catalina.startup.VersionLoggerListener.log Command line argument: -Djdk.tls.ephemeralDHKeySize=2048
22-Jan-2020 10:35:34.754 INFO [main] org.apache.catalina.startup.VersionLoggerListener.log Command line argument: -Djava.protocol.handler.pkgs=org.apache.catalina.webresources
22-Jan-2020 10:35:34.755 INFO [main] org.apache.catalina.startup.VersionLoggerListener.log Command line argument: -Dorg.apache.catalina.security.SecurityListener.UMASK=0027
22-Jan-2020 10:35:34.755 INFO [main] org.apache.catalina.startup.VersionLoggerListener.log Command line argument: -Xms512M
22-Jan-2020 10:35:34.755 INFO [main] org.apache.catalina.startup.VersionLoggerListener.log Command line argument: -Xmx1024M
22-Jan-2020 10:35:34.755 INFO [main] org.apache.catalina.startup.VersionLoggerListener.log Command line argument: -XX:+UseParallelGC
22-Jan-2020 10:35:34.755 INFO [main] org.apache.catalina.startup.VersionLoggerListener.log Command line argument: -Dignore.endorsed.dirs=
22-Jan-2020 10:35:34.755 INFO [main] org.apache.catalina.startup.VersionLoggerListener.log Command line argument: -Dcatalina.base=/opt/tomcat
22-Jan-2020 10:35:34.755 INFO [main] org.apache.catalina.startup.VersionLoggerListener.log Command line argument: -Dcatalina.home=/opt/tomcat
22-Jan-2020 10:35:34.755 INFO [main] org.apache.catalina.startup.VersionLoggerListener.log Command line argument: -Djava.io.tmpdir=/opt/tomcat/temp
22-Jan-2020 10:35:34.755 INFO [main] org.apache.catalina.core.AprLifecycleListener.lifecycleEvent The APR based Apache Tomcat Native library which allows optimal performance in production environments was not found on the java.library.path: [/usr/java/packages/lib/amd64:/usr/lib/x86_64-linux-gnu/jni:/lib/x86_64-linux-gnu:/usr/lib/x86_64-linux-gnu:/usr/lib/jni:/lib:/usr/lib]
22-Jan-2020 10:35:35.064 INFO [main] org.apache.coyote.AbstractProtocol.init Initializing ProtocolHandler ["http-nio-8080"]
22-Jan-2020 10:35:35.096 INFO [main] org.apache.coyote.AbstractProtocol.init Initializing ProtocolHandler ["ajp-nio-8009"]
22-Jan-2020 10:35:35.104 INFO [main] org.apache.catalina.startup.Catalina.load Server initialization in [555] milliseconds
22-Jan-2020 10:35:35.140 INFO [main] org.apache.catalina.core.StandardService.startInternal Starting service [Catalina]
22-Jan-2020 10:35:35.141 INFO [main] org.apache.catalina.core.StandardEngine.startInternal Starting Servlet engine: [Apache Tomcat/9.0.30]
22-Jan-2020 10:35:35.143 SEVERE [main] org.apache.catalina.startup.HostConfig.beforeStart Unable to create directory for deployment: [/opt/tomcat/conf/Catalina/localhost]
22-Jan-2020 10:35:35.186 INFO [main] org.apache.catalina.startup.HostConfig.deployWAR Deploying web application archive [/opt/tomcat/webapps/dss-demo-webapp-5.5.war]
22-Jan-2020 10:35:40.085 INFO [main] org.apache.jasper.servlet.TldScanner.scanJars At least one JAR was scanned for TLDs yet contained no TLDs. Enable debug logging for this logger for a complete list of JARs that were scanned but no TLDs were found in them. Skipping unneeded JARs during scanning can improve startup time and JSP compilation time.
22-Jan-2020 10:36:02.236 INFO [main] org.apache.catalina.startup.HostConfig.deployWAR Deployment of web application archive [/opt/tomcat/webapps/dss-demo-webapp-5.5.war] has finished in [27,050] ms
22-Jan-2020 10:36:02.237 INFO [main] org.apache.catalina.startup.HostConfig.deployDirectory Deploying web application directory [/opt/tomcat/webapps/examples]
22-Jan-2020 10:36:02.476 INFO [main] org.apache.catalina.startup.HostConfig.deployDirectory Deployment of web application directory [/opt/tomcat/webapps/examples] has finished in [239] ms
22-Jan-2020 10:36:02.477 INFO [main] org.apache.catalina.startup.HostConfig.deployDirectory Deploying web application directory [/opt/tomcat/webapps/host-manager]
22-Jan-2020 10:36:02.525 INFO [main] org.apache.catalina.startup.HostConfig.deployDirectory Deployment of web application directory [/opt/tomcat/webapps/host-manager] has finished in [47] ms
22-Jan-2020 10:36:02.525 INFO [main] org.apache.catalina.startup.HostConfig.deployDirectory Deploying web application directory [/opt/tomcat/webapps/manager]
22-Jan-2020 10:36:02.558 INFO [main] org.apache.catalina.startup.HostConfig.deployDirectory Deployment of web application directory [/opt/tomcat/webapps/manager] has finished in [33] ms
22-Jan-2020 10:36:02.559 INFO [main] org.apache.catalina.startup.HostConfig.deployDirectory Deploying web application directory [/opt/tomcat/webapps/docs]
22-Jan-2020 10:36:02.576 INFO [main] org.apache.catalina.startup.HostConfig.deployDirectory Deployment of web application directory [/opt/tomcat/webapps/docs] has finished in [18] ms
22-Jan-2020 10:36:02.577 INFO [main] org.apache.catalina.startup.HostConfig.deployDirectory Deploying web application directory [/opt/tomcat/webapps/ROOT]
22-Jan-2020 10:36:02.605 INFO [main] org.apache.catalina.startup.HostConfig.deployDirectory Deployment of web application directory [/opt/tomcat/webapps/ROOT] has finished in [28] ms
22-Jan-2020 10:36:02.613 INFO [main] org.apache.coyote.AbstractProtocol.start Starting ProtocolHandler ["http-nio-8080"]
22-Jan-2020 10:36:02.626 INFO [main] org.apache.coyote.AbstractProtocol.start Starting ProtocolHandler ["ajp-nio-8009"]
22-Jan-2020 10:36:02.649 INFO [main] org.apache.catalina.startup.Catalina.start Server startup in [27,544] milliseconds
