11-Feb-2020 02:26:57.138 INFO [main] org.apache.catalina.core.ApplicationContext.log Destroying Spring FrameworkServlet 'dispatcher'
11-Feb-2020 02:26:57.142 INFO [main] org.apache.catalina.core.ApplicationContext.log Closing Spring root WebApplicationContext
11-Feb-2020 02:26:57.165 INFO [main] org.apache.catalina.core.ApplicationContext.log SessionListener: contextDestroyed()
11-Feb-2020 02:26:57.165 INFO [main] org.apache.catalina.core.ApplicationContext.log ContextListener: contextDestroyed()
11-Feb-2020 13:11:07.348 INFO [main] org.apache.catalina.core.ApplicationContext.log 2 Spring WebApplicationInitializers detected on classpath
11-Feb-2020 13:11:07.613 INFO [main] org.apache.catalina.core.ApplicationContext.log Initializing Spring root WebApplicationContext
11-Feb-2020 13:11:30.346 INFO [main] org.apache.catalina.core.ApplicationContext.log Initializing Spring DispatcherServlet 'dispatcher'
11-Feb-2020 13:11:31.847 INFO [main] org.apache.catalina.core.ApplicationContext.log ContextListener: contextInitialized()
11-Feb-2020 13:11:31.847 INFO [main] org.apache.catalina.core.ApplicationContext.log SessionListener: contextInitialized()
11-Feb-2020 13:11:31.850 INFO [main] org.apache.catalina.core.ApplicationContext.log ContextListener: attributeAdded('StockTicker', 'async.Stockticker@2d6399c6')
11-Feb-2020 15:12:37.481 INFO [main] org.apache.catalina.core.ApplicationContext.log Destroying Spring FrameworkServlet 'dispatcher'
11-Feb-2020 15:12:37.488 INFO [main] org.apache.catalina.core.ApplicationContext.log Closing Spring root WebApplicationContext
11-Feb-2020 15:12:37.546 INFO [main] org.apache.catalina.core.ApplicationContext.log SessionListener: contextDestroyed()
11-Feb-2020 15:12:37.546 INFO [main] org.apache.catalina.core.ApplicationContext.log ContextListener: contextDestroyed()
11-Feb-2020 22:19:25.885 INFO [main] org.apache.catalina.core.ApplicationContext.log 2 Spring WebApplicationInitializers detected on classpath
11-Feb-2020 22:19:26.104 INFO [main] org.apache.catalina.core.ApplicationContext.log Initializing Spring root WebApplicationContext
11-Feb-2020 22:19:47.879 INFO [main] org.apache.catalina.core.ApplicationContext.log Initializing Spring DispatcherServlet 'dispatcher'
11-Feb-2020 22:19:48.875 INFO [main] org.apache.catalina.core.ApplicationContext.log ContextListener: contextInitialized()
11-Feb-2020 22:19:48.875 INFO [main] org.apache.catalina.core.ApplicationContext.log SessionListener: contextInitialized()
11-Feb-2020 22:19:48.877 INFO [main] org.apache.catalina.core.ApplicationContext.log ContextListener: attributeAdded('StockTicker', 'async.Stockticker@75314e1c')
