20-Feb-2020 05:06:04.465 INFO [main] org.apache.catalina.core.ApplicationContext.log Destroying Spring FrameworkServlet 'dispatcher'
20-Feb-2020 05:06:04.479 INFO [main] org.apache.catalina.core.ApplicationContext.log Closing Spring root WebApplicationContext
20-Feb-2020 05:06:04.539 INFO [main] org.apache.catalina.core.ApplicationContext.log SessionListener: contextDestroyed()
20-Feb-2020 05:06:04.539 INFO [main] org.apache.catalina.core.ApplicationContext.log ContextListener: contextDestroyed()
20-Feb-2020 13:07:27.691 INFO [main] org.apache.catalina.core.ApplicationContext.log 2 Spring WebApplicationInitializers detected on classpath
20-Feb-2020 13:07:28.126 INFO [main] org.apache.catalina.core.ApplicationContext.log Initializing Spring root WebApplicationContext
20-Feb-2020 13:07:49.392 INFO [main] org.apache.catalina.core.ApplicationContext.log Initializing Spring DispatcherServlet 'dispatcher'
20-Feb-2020 13:07:50.568 INFO [main] org.apache.catalina.core.ApplicationContext.log ContextListener: contextInitialized()
20-Feb-2020 13:07:50.568 INFO [main] org.apache.catalina.core.ApplicationContext.log SessionListener: contextInitialized()
20-Feb-2020 13:07:50.570 INFO [main] org.apache.catalina.core.ApplicationContext.log ContextListener: attributeAdded('StockTicker', 'async.Stockticker@1f3c0098')
20-Feb-2020 15:11:45.487 INFO [main] org.apache.catalina.core.ApplicationContext.log Destroying Spring FrameworkServlet 'dispatcher'
20-Feb-2020 15:11:45.492 INFO [main] org.apache.catalina.core.ApplicationContext.log Closing Spring root WebApplicationContext
20-Feb-2020 15:11:45.515 INFO [main] org.apache.catalina.core.ApplicationContext.log SessionListener: contextDestroyed()
20-Feb-2020 15:11:45.515 INFO [main] org.apache.catalina.core.ApplicationContext.log ContextListener: contextDestroyed()
20-Feb-2020 19:04:23.386 INFO [main] org.apache.catalina.core.ApplicationContext.log 2 Spring WebApplicationInitializers detected on classpath
20-Feb-2020 19:04:24.054 INFO [main] org.apache.catalina.core.ApplicationContext.log Initializing Spring root WebApplicationContext
20-Feb-2020 19:04:58.208 INFO [main] org.apache.catalina.core.ApplicationContext.log Initializing Spring DispatcherServlet 'dispatcher'
20-Feb-2020 19:04:59.418 INFO [main] org.apache.catalina.core.ApplicationContext.log ContextListener: contextInitialized()
20-Feb-2020 19:04:59.419 INFO [main] org.apache.catalina.core.ApplicationContext.log SessionListener: contextInitialized()
20-Feb-2020 19:04:59.420 INFO [main] org.apache.catalina.core.ApplicationContext.log ContextListener: attributeAdded('StockTicker', 'async.Stockticker@12cad0bf')
