17-Feb-2020 00:28:13.525 INFO [main] org.apache.catalina.core.ApplicationContext.log Destroying Spring FrameworkServlet 'dispatcher'
17-Feb-2020 00:28:13.532 INFO [main] org.apache.catalina.core.ApplicationContext.log Closing Spring root WebApplicationContext
17-Feb-2020 00:28:13.560 INFO [main] org.apache.catalina.core.ApplicationContext.log SessionListener: contextDestroyed()
17-Feb-2020 00:28:13.560 INFO [main] org.apache.catalina.core.ApplicationContext.log ContextListener: contextDestroyed()
17-Feb-2020 00:33:28.163 INFO [main] org.apache.catalina.core.ApplicationContext.log 2 Spring WebApplicationInitializers detected on classpath
17-Feb-2020 00:33:28.462 INFO [main] org.apache.catalina.core.ApplicationContext.log Initializing Spring root WebApplicationContext
17-Feb-2020 00:33:46.986 INFO [main] org.apache.catalina.core.ApplicationContext.log Initializing Spring DispatcherServlet 'dispatcher'
17-Feb-2020 00:33:48.236 INFO [main] org.apache.catalina.core.ApplicationContext.log ContextListener: contextInitialized()
17-Feb-2020 00:33:48.236 INFO [main] org.apache.catalina.core.ApplicationContext.log SessionListener: contextInitialized()
17-Feb-2020 00:33:48.237 INFO [main] org.apache.catalina.core.ApplicationContext.log ContextListener: attributeAdded('StockTicker', 'async.Stockticker@46822ffd')
17-Feb-2020 05:13:15.880 INFO [main] org.apache.catalina.core.ApplicationContext.log Destroying Spring FrameworkServlet 'dispatcher'
17-Feb-2020 05:13:15.899 INFO [main] org.apache.catalina.core.ApplicationContext.log Closing Spring root WebApplicationContext
17-Feb-2020 05:13:15.958 INFO [main] org.apache.catalina.core.ApplicationContext.log SessionListener: contextDestroyed()
17-Feb-2020 05:13:15.958 INFO [main] org.apache.catalina.core.ApplicationContext.log ContextListener: contextDestroyed()
17-Feb-2020 14:05:37.384 INFO [main] org.apache.catalina.core.ApplicationContext.log 2 Spring WebApplicationInitializers detected on classpath
17-Feb-2020 14:05:37.819 INFO [main] org.apache.catalina.core.ApplicationContext.log Initializing Spring root WebApplicationContext
17-Feb-2020 14:05:54.213 INFO [main] org.apache.catalina.core.ApplicationContext.log Initializing Spring DispatcherServlet 'dispatcher'
17-Feb-2020 14:05:55.269 INFO [main] org.apache.catalina.core.ApplicationContext.log ContextListener: contextInitialized()
17-Feb-2020 14:05:55.269 INFO [main] org.apache.catalina.core.ApplicationContext.log SessionListener: contextInitialized()
17-Feb-2020 14:05:55.271 INFO [main] org.apache.catalina.core.ApplicationContext.log ContextListener: attributeAdded('StockTicker', 'async.Stockticker@4a38e868')
