30-Jan-2020 01:53:06.652 INFO [main] org.apache.catalina.core.ApplicationContext.log Destroying Spring FrameworkServlet 'dispatcher'
30-Jan-2020 01:53:06.656 INFO [main] org.apache.catalina.core.ApplicationContext.log Closing Spring root WebApplicationContext
30-Jan-2020 01:53:06.686 INFO [main] org.apache.catalina.core.ApplicationContext.log SessionListener: contextDestroyed()
30-Jan-2020 01:53:06.686 INFO [main] org.apache.catalina.core.ApplicationContext.log ContextListener: contextDestroyed()
30-Jan-2020 11:32:09.260 INFO [main] org.apache.catalina.core.ApplicationContext.log 2 Spring WebApplicationInitializers detected on classpath
30-Jan-2020 11:32:09.878 INFO [main] org.apache.catalina.core.ApplicationContext.log Initializing Spring root WebApplicationContext
30-Jan-2020 11:32:44.293 INFO [main] org.apache.catalina.core.ApplicationContext.log Initializing Spring DispatcherServlet 'dispatcher'
30-Jan-2020 11:32:45.926 INFO [main] org.apache.catalina.core.ApplicationContext.log ContextListener: contextInitialized()
30-Jan-2020 11:32:45.926 INFO [main] org.apache.catalina.core.ApplicationContext.log SessionListener: contextInitialized()
30-Jan-2020 11:32:45.929 INFO [main] org.apache.catalina.core.ApplicationContext.log ContextListener: attributeAdded('StockTicker', 'async.Stockticker@6d82339e')
30-Jan-2020 15:55:15.386 INFO [main] org.apache.catalina.core.ApplicationContext.log Destroying Spring FrameworkServlet 'dispatcher'
30-Jan-2020 15:55:15.439 INFO [main] org.apache.catalina.core.ApplicationContext.log Closing Spring root WebApplicationContext
30-Jan-2020 15:55:15.578 INFO [main] org.apache.catalina.core.ApplicationContext.log SessionListener: contextDestroyed()
30-Jan-2020 15:55:15.578 INFO [main] org.apache.catalina.core.ApplicationContext.log ContextListener: contextDestroyed()
30-Jan-2020 15:55:40.265 INFO [main] org.apache.catalina.core.ApplicationContext.log 2 Spring WebApplicationInitializers detected on classpath
30-Jan-2020 15:55:40.593 INFO [main] org.apache.catalina.core.ApplicationContext.log Initializing Spring root WebApplicationContext
30-Jan-2020 15:55:59.122 INFO [main] org.apache.catalina.core.ApplicationContext.log Initializing Spring DispatcherServlet 'dispatcher'
30-Jan-2020 15:56:00.200 INFO [main] org.apache.catalina.core.ApplicationContext.log ContextListener: contextInitialized()
30-Jan-2020 15:56:00.200 INFO [main] org.apache.catalina.core.ApplicationContext.log SessionListener: contextInitialized()
30-Jan-2020 15:56:00.201 INFO [main] org.apache.catalina.core.ApplicationContext.log ContextListener: attributeAdded('StockTicker', 'async.Stockticker@35754437')
30-Jan-2020 15:59:11.487 INFO [main] org.apache.catalina.core.ApplicationContext.log Destroying Spring FrameworkServlet 'dispatcher'
30-Jan-2020 15:59:11.489 INFO [main] org.apache.catalina.core.ApplicationContext.log Closing Spring root WebApplicationContext
30-Jan-2020 15:59:11.512 INFO [main] org.apache.catalina.core.ApplicationContext.log SessionListener: contextDestroyed()
30-Jan-2020 15:59:11.512 INFO [main] org.apache.catalina.core.ApplicationContext.log ContextListener: contextDestroyed()
30-Jan-2020 22:01:24.997 INFO [main] org.apache.catalina.core.ApplicationContext.log 2 Spring WebApplicationInitializers detected on classpath
30-Jan-2020 22:01:25.243 INFO [main] org.apache.catalina.core.ApplicationContext.log Initializing Spring root WebApplicationContext
30-Jan-2020 22:01:40.156 INFO [main] org.apache.catalina.core.ApplicationContext.log Initializing Spring DispatcherServlet 'dispatcher'
30-Jan-2020 22:01:41.146 INFO [main] org.apache.catalina.core.ApplicationContext.log ContextListener: contextInitialized()
30-Jan-2020 22:01:41.146 INFO [main] org.apache.catalina.core.ApplicationContext.log SessionListener: contextInitialized()
30-Jan-2020 22:01:41.147 INFO [main] org.apache.catalina.core.ApplicationContext.log ContextListener: attributeAdded('StockTicker', 'async.Stockticker@6d82339e')
30-Jan-2020 23:42:12.474 INFO [main] org.apache.catalina.core.ApplicationContext.log Destroying Spring FrameworkServlet 'dispatcher'
30-Jan-2020 23:42:12.477 INFO [main] org.apache.catalina.core.ApplicationContext.log Closing Spring root WebApplicationContext
30-Jan-2020 23:42:12.501 INFO [main] org.apache.catalina.core.ApplicationContext.log SessionListener: contextDestroyed()
30-Jan-2020 23:42:12.502 INFO [main] org.apache.catalina.core.ApplicationContext.log ContextListener: contextDestroyed()
