18-Feb-2020 00:15:34.878 INFO [Catalina-utility-2] org.apache.catalina.core.ApplicationContext.log Destroying Spring FrameworkServlet 'dispatcher'
18-Feb-2020 00:15:34.898 INFO [Catalina-utility-2] org.apache.catalina.core.ApplicationContext.log Closing Spring root WebApplicationContext
18-Feb-2020 00:15:39.049 INFO [Catalina-utility-2] org.apache.catalina.core.ApplicationContext.log 2 Spring WebApplicationInitializers detected on classpath
18-Feb-2020 00:15:39.245 INFO [Catalina-utility-2] org.apache.catalina.core.ApplicationContext.log Initializing Spring root WebApplicationContext
18-Feb-2020 00:15:54.463 INFO [Catalina-utility-2] org.apache.catalina.core.ApplicationContext.log Initializing Spring DispatcherServlet 'dispatcher'
18-Feb-2020 00:16:02.889 INFO [main] org.apache.catalina.core.ApplicationContext.log Destroying Spring FrameworkServlet 'dispatcher'
18-Feb-2020 00:16:02.892 INFO [main] org.apache.catalina.core.ApplicationContext.log Closing Spring root WebApplicationContext
18-Feb-2020 00:16:03.108 INFO [main] org.apache.catalina.core.ApplicationContext.log SessionListener: contextDestroyed()
18-Feb-2020 00:16:03.108 INFO [main] org.apache.catalina.core.ApplicationContext.log ContextListener: contextDestroyed()
18-Feb-2020 00:16:13.517 INFO [main] org.apache.catalina.core.ApplicationContext.log 2 Spring WebApplicationInitializers detected on classpath
18-Feb-2020 00:16:13.835 INFO [main] org.apache.catalina.core.ApplicationContext.log Initializing Spring root WebApplicationContext
18-Feb-2020 00:16:31.994 INFO [main] org.apache.catalina.core.ApplicationContext.log Initializing Spring DispatcherServlet 'dispatcher'
18-Feb-2020 00:16:33.518 INFO [main] org.apache.catalina.core.ApplicationContext.log ContextListener: contextInitialized()
18-Feb-2020 00:16:33.518 INFO [main] org.apache.catalina.core.ApplicationContext.log SessionListener: contextInitialized()
18-Feb-2020 00:16:33.528 INFO [main] org.apache.catalina.core.ApplicationContext.log ContextListener: attributeAdded('StockTicker', 'async.Stockticker@ec0917b')
18-Feb-2020 01:07:43.866 INFO [main] org.apache.catalina.core.ApplicationContext.log Destroying Spring FrameworkServlet 'dispatcher'
18-Feb-2020 01:07:43.869 INFO [main] org.apache.catalina.core.ApplicationContext.log Closing Spring root WebApplicationContext
18-Feb-2020 01:07:43.889 INFO [main] org.apache.catalina.core.ApplicationContext.log SessionListener: contextDestroyed()
18-Feb-2020 01:07:43.889 INFO [main] org.apache.catalina.core.ApplicationContext.log ContextListener: contextDestroyed()
18-Feb-2020 01:07:50.036 INFO [main] org.apache.catalina.core.ApplicationContext.log 2 Spring WebApplicationInitializers detected on classpath
18-Feb-2020 01:07:50.296 INFO [main] org.apache.catalina.core.ApplicationContext.log Initializing Spring root WebApplicationContext
18-Feb-2020 01:08:05.823 INFO [main] org.apache.catalina.core.ApplicationContext.log Initializing Spring DispatcherServlet 'dispatcher'
18-Feb-2020 01:08:06.985 INFO [main] org.apache.catalina.core.ApplicationContext.log ContextListener: contextInitialized()
18-Feb-2020 01:08:06.985 INFO [main] org.apache.catalina.core.ApplicationContext.log SessionListener: contextInitialized()
18-Feb-2020 01:08:06.987 INFO [main] org.apache.catalina.core.ApplicationContext.log ContextListener: attributeAdded('StockTicker', 'async.Stockticker@12cad0bf')
18-Feb-2020 02:39:50.133 INFO [Catalina-utility-2] org.apache.catalina.core.ApplicationContext.log Destroying Spring FrameworkServlet 'dispatcher'
18-Feb-2020 02:39:50.149 INFO [Catalina-utility-2] org.apache.catalina.core.ApplicationContext.log Closing Spring root WebApplicationContext
18-Feb-2020 02:39:53.118 INFO [main] org.apache.catalina.core.ApplicationContext.log SessionListener: contextDestroyed()
18-Feb-2020 02:39:53.118 INFO [main] org.apache.catalina.core.ApplicationContext.log ContextListener: contextDestroyed()
18-Feb-2020 02:39:53.927 INFO [Catalina-utility-2] org.apache.catalina.core.ApplicationContext.log 2 Spring WebApplicationInitializers detected on classpath
18-Feb-2020 02:39:54.052 INFO [Catalina-utility-2] org.apache.catalina.core.ApplicationContext.log Initializing Spring root WebApplicationContext
18-Feb-2020 02:39:54.299 SEVERE [Catalina-utility-2] org.apache.catalina.core.StandardContext.listenerStart Exception sending context initialized event to listener instance of class [org.springframework.web.context.ContextLoaderListener]
	org.springframework.beans.factory.BeanDefinitionStoreException: Failed to read candidate component class: file [/home/stefan/servers/tomcat/webapps/dss-demo-webapp-5.5/WEB-INF/classes/eu/europa/esig/dss/web/job/TSLLoaderJob.class]; nested exception is java.nio.channels.ClosedByInterruptException
		at org.springframework.context.annotation.ClassPathScanningCandidateComponentProvider.scanCandidateComponents(ClassPathScanningCandidateComponentProvider.java:454)
		at org.springframework.context.annotation.ClassPathScanningCandidateComponentProvider.findCandidateComponents(ClassPathScanningCandidateComponentProvider.java:316)
		at org.springframework.context.annotation.ClassPathBeanDefinitionScanner.doScan(ClassPathBeanDefinitionScanner.java:275)
		at org.springframework.context.annotation.ComponentScanAnnotationParser.parse(ComponentScanAnnotationParser.java:132)
		at org.springframework.context.annotation.ConfigurationClassParser.doProcessConfigurationClass(ConfigurationClassParser.java:287)
		at org.springframework.context.annotation.ConfigurationClassParser.processConfigurationClass(ConfigurationClassParser.java:242)
		at org.springframework.context.annotation.ConfigurationClassParser.parse(ConfigurationClassParser.java:199)
		at org.springframework.context.annotation.ConfigurationClassParser.parse(ConfigurationClassParser.java:167)
		at org.springframework.context.annotation.ConfigurationClassPostProcessor.processConfigBeanDefinitions(ConfigurationClassPostProcessor.java:315)
		at org.springframework.context.annotation.ConfigurationClassPostProcessor.postProcessBeanDefinitionRegistry(ConfigurationClassPostProcessor.java:232)
		at org.springframework.context.support.PostProcessorRegistrationDelegate.invokeBeanDefinitionRegistryPostProcessors(PostProcessorRegistrationDelegate.java:275)
		at org.springframework.context.support.PostProcessorRegistrationDelegate.invokeBeanFactoryPostProcessors(PostProcessorRegistrationDelegate.java:95)
		at org.springframework.context.support.AbstractApplicationContext.invokeBeanFactoryPostProcessors(AbstractApplicationContext.java:705)
		at org.springframework.context.support.AbstractApplicationContext.refresh(AbstractApplicationContext.java:531)
		at org.springframework.web.context.ContextLoader.configureAndRefreshWebApplicationContext(ContextLoader.java:400)
		at org.springframework.web.context.ContextLoader.initWebApplicationContext(ContextLoader.java:291)
		at org.springframework.web.context.ContextLoaderListener.contextInitialized(ContextLoaderListener.java:103)
		at org.apache.catalina.core.StandardContext.listenerStart(StandardContext.java:4683)
		at org.apache.catalina.core.StandardContext.startInternal(StandardContext.java:5146)
		at org.apache.catalina.util.LifecycleBase.start(LifecycleBase.java:183)
		at org.apache.catalina.core.StandardContext.reload(StandardContext.java:3758)
		at org.apache.catalina.loader.WebappLoader.backgroundProcess(WebappLoader.java:293)
		at org.apache.catalina.core.StandardContext.backgroundProcess(StandardContext.java:5530)
		at org.apache.catalina.core.ContainerBase$ContainerBackgroundProcessor.processChildren(ContainerBase.java:1353)
		at org.apache.catalina.core.ContainerBase$ContainerBackgroundProcessor.processChildren(ContainerBase.java:1357)
		at org.apache.catalina.core.ContainerBase$ContainerBackgroundProcessor.processChildren(ContainerBase.java:1357)
		at org.apache.catalina.core.ContainerBase$ContainerBackgroundProcessor.run(ContainerBase.java:1335)
		at java.util.concurrent.Executors$RunnableAdapter.call(Executors.java:511)
		at java.util.concurrent.FutureTask.runAndReset(FutureTask.java:308)
		at java.util.concurrent.ScheduledThreadPoolExecutor$ScheduledFutureTask.access$301(ScheduledThreadPoolExecutor.java:180)
		at java.util.concurrent.ScheduledThreadPoolExecutor$ScheduledFutureTask.run(ScheduledThreadPoolExecutor.java:294)
		at java.util.concurrent.ThreadPoolExecutor.runWorker(ThreadPoolExecutor.java:1149)
		at java.util.concurrent.ThreadPoolExecutor$Worker.run(ThreadPoolExecutor.java:624)
		at org.apache.tomcat.util.threads.TaskThread$WrappingRunnable.run(TaskThread.java:61)
		at java.lang.Thread.run(Thread.java:748)
	Caused by: java.nio.channels.ClosedByInterruptException
		at java.nio.channels.spi.AbstractInterruptibleChannel.end(AbstractInterruptibleChannel.java:202)
		at sun.nio.ch.FileChannelImpl.read(FileChannelImpl.java:164)
		at sun.nio.ch.ChannelInputStream.read(ChannelInputStream.java:65)
		at sun.nio.ch.ChannelInputStream.read(ChannelInputStream.java:109)
		at sun.nio.ch.ChannelInputStream.read(ChannelInputStream.java:103)
		at java.io.BufferedInputStream.fill(BufferedInputStream.java:246)
		at java.io.BufferedInputStream.read1(BufferedInputStream.java:286)
		at java.io.BufferedInputStream.read(BufferedInputStream.java:345)
		at org.springframework.asm.ClassReader.readStream(ClassReader.java:306)
		at org.springframework.asm.ClassReader.<init>(ClassReader.java:273)
		at org.springframework.core.type.classreading.SimpleMetadataReader.<init>(SimpleMetadataReader.java:54)
		at org.springframework.core.type.classreading.SimpleMetadataReaderFactory.getMetadataReader(SimpleMetadataReaderFactory.java:103)
		at org.springframework.core.type.classreading.CachingMetadataReaderFactory.getMetadataReader(CachingMetadataReaderFactory.java:123)
		at org.springframework.context.annotation.ClassPathScanningCandidateComponentProvider.scanCandidateComponents(ClassPathScanningCandidateComponentProvider.java:430)
		... 34 more
18-Feb-2020 02:39:54.315 INFO [Catalina-utility-2] org.apache.catalina.core.ApplicationContext.log Closing Spring root WebApplicationContext
18-Feb-2020 02:40:00.258 INFO [main] org.apache.catalina.core.ApplicationContext.log 2 Spring WebApplicationInitializers detected on classpath
18-Feb-2020 02:40:00.488 INFO [main] org.apache.catalina.core.ApplicationContext.log Initializing Spring root WebApplicationContext
18-Feb-2020 02:40:16.029 INFO [main] org.apache.catalina.core.ApplicationContext.log Initializing Spring DispatcherServlet 'dispatcher'
18-Feb-2020 02:40:17.101 INFO [main] org.apache.catalina.core.ApplicationContext.log ContextListener: contextInitialized()
18-Feb-2020 02:40:17.101 INFO [main] org.apache.catalina.core.ApplicationContext.log SessionListener: contextInitialized()
18-Feb-2020 02:40:17.103 INFO [main] org.apache.catalina.core.ApplicationContext.log ContextListener: attributeAdded('StockTicker', 'async.Stockticker@166eca8a')
18-Feb-2020 02:47:24.220 INFO [main] org.apache.catalina.core.ApplicationContext.log Destroying Spring FrameworkServlet 'dispatcher'
18-Feb-2020 02:47:24.227 INFO [main] org.apache.catalina.core.ApplicationContext.log Closing Spring root WebApplicationContext
18-Feb-2020 02:47:24.256 INFO [main] org.apache.catalina.core.ApplicationContext.log SessionListener: contextDestroyed()
18-Feb-2020 02:47:24.256 INFO [main] org.apache.catalina.core.ApplicationContext.log ContextListener: contextDestroyed()
18-Feb-2020 12:03:46.399 INFO [main] org.apache.catalina.core.ApplicationContext.log 2 Spring WebApplicationInitializers detected on classpath
18-Feb-2020 12:03:46.647 INFO [main] org.apache.catalina.core.ApplicationContext.log Initializing Spring root WebApplicationContext
18-Feb-2020 12:04:07.130 INFO [main] org.apache.catalina.core.ApplicationContext.log Initializing Spring DispatcherServlet 'dispatcher'
18-Feb-2020 12:04:08.669 INFO [main] org.apache.catalina.core.ApplicationContext.log ContextListener: contextInitialized()
18-Feb-2020 12:04:08.670 INFO [main] org.apache.catalina.core.ApplicationContext.log SessionListener: contextInitialized()
18-Feb-2020 12:04:08.671 INFO [main] org.apache.catalina.core.ApplicationContext.log ContextListener: attributeAdded('StockTicker', 'async.Stockticker@166eca8a')
18-Feb-2020 15:30:01.021 INFO [main] org.apache.catalina.core.ApplicationContext.log Destroying Spring FrameworkServlet 'dispatcher'
18-Feb-2020 15:30:01.025 INFO [main] org.apache.catalina.core.ApplicationContext.log Closing Spring root WebApplicationContext
18-Feb-2020 15:30:01.073 INFO [main] org.apache.catalina.core.ApplicationContext.log SessionListener: contextDestroyed()
18-Feb-2020 15:30:01.073 INFO [main] org.apache.catalina.core.ApplicationContext.log ContextListener: contextDestroyed()
18-Feb-2020 18:31:10.717 INFO [main] org.apache.catalina.core.ApplicationContext.log 2 Spring WebApplicationInitializers detected on classpath
18-Feb-2020 18:31:10.976 INFO [main] org.apache.catalina.core.ApplicationContext.log Initializing Spring root WebApplicationContext
18-Feb-2020 18:31:31.011 INFO [main] org.apache.catalina.core.ApplicationContext.log Initializing Spring DispatcherServlet 'dispatcher'
18-Feb-2020 18:31:33.052 INFO [main] org.apache.catalina.core.ApplicationContext.log ContextListener: contextInitialized()
18-Feb-2020 18:31:33.053 INFO [main] org.apache.catalina.core.ApplicationContext.log SessionListener: contextInitialized()
18-Feb-2020 18:31:33.055 INFO [main] org.apache.catalina.core.ApplicationContext.log ContextListener: attributeAdded('StockTicker', 'async.Stockticker@4f21e242')
