16-Jan-2020 17:22:58.029 INFO [http-nio-8080-exec-10] org.apache.catalina.core.ApplicationContext.log HTMLManager: init: Associated with Deployer 'Catalina:type=Deployer,host=localhost'
16-Jan-2020 17:22:58.029 INFO [http-nio-8080-exec-10] org.apache.catalina.core.ApplicationContext.log HTMLManager: init: Global resources are available
16-Jan-2020 17:22:58.056 INFO [http-nio-8080-exec-10] org.apache.catalina.core.ApplicationContext.log HTMLManager: list: Listing contexts for virtual host 'localhost'
16-Jan-2020 17:23:28.000 INFO [http-nio-8080-exec-9] org.apache.catalina.core.ApplicationContext.log HTMLManager: install: Installing web application from 'null'
16-Jan-2020 17:23:28.001 INFO [http-nio-8080-exec-9] org.apache.catalina.core.ApplicationContext.log HTMLManager: list: Listing contexts for virtual host 'localhost'
16-Jan-2020 17:23:35.114 INFO [http-nio-8080-exec-10] org.apache.catalina.core.ApplicationContext.log HTMLManager: install: Installing web application from 'null'
16-Jan-2020 17:23:35.114 INFO [http-nio-8080-exec-10] org.apache.catalina.core.ApplicationContext.log HTMLManager: list: Listing contexts for virtual host 'localhost'
16-Jan-2020 17:27:58.256 INFO [http-nio-8080-exec-8] org.apache.catalina.core.ApplicationContext.log HTMLManager: init: Associated with Deployer 'Catalina:type=Deployer,host=localhost'
16-Jan-2020 17:27:58.256 INFO [http-nio-8080-exec-8] org.apache.catalina.core.ApplicationContext.log HTMLManager: init: Global resources are available
16-Jan-2020 17:27:58.260 INFO [http-nio-8080-exec-8] org.apache.catalina.core.ApplicationContext.log HTMLManager: list: Listing contexts for virtual host 'localhost'
16-Jan-2020 17:30:31.155 INFO [http-nio-8080-exec-6] org.apache.catalina.core.ApplicationContext.log HTMLManager: list: Listing contexts for virtual host 'localhost'
16-Jan-2020 17:31:46.806 INFO [http-nio-8080-exec-8] org.apache.catalina.core.ApplicationContext.log HTMLManager: install: Installing web application '/dss-webapp' from '/opt/tomcat/webapps/dss-webapp'
16-Jan-2020 17:31:46.806 INFO [http-nio-8080-exec-8] org.apache.catalina.core.ApplicationContext.log HTMLManager: list: Listing contexts for virtual host 'localhost'
16-Jan-2020 17:33:54.379 INFO [http-nio-8080-exec-7] org.apache.catalina.core.ApplicationContext.log HTMLManager: list: Listing contexts for virtual host 'localhost'
16-Jan-2020 18:00:37.696 INFO [http-nio-8080-exec-11] org.apache.catalina.core.ApplicationContext.log HTMLManager: list: Listing contexts for virtual host 'localhost'
16-Jan-2020 18:01:04.064 SEVERE [http-nio-8080-exec-13] org.apache.catalina.core.ApplicationContext.log HTMLManager: FAIL - Deploy Upload Failed, Exception: [org.apache.tomcat.util.http.fileupload.impl.SizeLimitExceededException: the request was rejected because its size (81583706) exceeds the configured maximum (52428800)]
	java.lang.IllegalStateException: org.apache.tomcat.util.http.fileupload.impl.SizeLimitExceededException: the request was rejected because its size (81583706) exceeds the configured maximum (52428800)
		at org.apache.catalina.connector.Request.parseParts(Request.java:2911)
		at org.apache.catalina.connector.Request.parseParameters(Request.java:3195)
		at org.apache.catalina.connector.Request.getParameter(Request.java:1113)
		at org.apache.catalina.connector.RequestFacade.getParameter(RequestFacade.java:381)
		at org.apache.catalina.filters.CsrfPreventionFilter.doFilter(CsrfPreventionFilter.java:141)
		at org.apache.catalina.core.ApplicationFilterChain.internalDoFilter(ApplicationFilterChain.java:193)
		at org.apache.catalina.core.ApplicationFilterChain.doFilter(ApplicationFilterChain.java:166)
		at org.apache.tomcat.websocket.server.WsFilter.doFilter(WsFilter.java:53)
		at org.apache.catalina.core.ApplicationFilterChain.internalDoFilter(ApplicationFilterChain.java:193)
		at org.apache.catalina.core.ApplicationFilterChain.doFilter(ApplicationFilterChain.java:166)
		at org.apache.catalina.core.StandardWrapperValve.invoke(StandardWrapperValve.java:202)
		at org.apache.catalina.core.StandardContextValve.invoke(StandardContextValve.java:96)
		at org.apache.catalina.authenticator.AuthenticatorBase.invoke(AuthenticatorBase.java:666)
		at org.apache.catalina.valves.RequestFilterValve.process(RequestFilterValve.java:348)
		at org.apache.catalina.valves.RemoteAddrValve.invoke(RemoteAddrValve.java:53)
		at org.apache.catalina.core.StandardHostValve.invoke(StandardHostValve.java:139)
		at org.apache.catalina.valves.ErrorReportValve.invoke(ErrorReportValve.java:92)
		at org.apache.catalina.valves.AbstractAccessLogValve.invoke(AbstractAccessLogValve.java:678)
		at org.apache.catalina.core.StandardEngineValve.invoke(StandardEngineValve.java:74)
		at org.apache.catalina.connector.CoyoteAdapter.service(CoyoteAdapter.java:343)
		at org.apache.coyote.http11.Http11Processor.service(Http11Processor.java:367)
		at org.apache.coyote.AbstractProcessorLight.process(AbstractProcessorLight.java:65)
		at org.apache.coyote.AbstractProtocol$ConnectionHandler.process(AbstractProtocol.java:860)
		at org.apache.tomcat.util.net.NioEndpoint$SocketProcessor.doRun(NioEndpoint.java:1598)
		at org.apache.tomcat.util.net.SocketProcessorBase.run(SocketProcessorBase.java:49)
		at java.util.concurrent.ThreadPoolExecutor.runWorker(ThreadPoolExecutor.java:1149)
		at java.util.concurrent.ThreadPoolExecutor$Worker.run(ThreadPoolExecutor.java:624)
		at org.apache.tomcat.util.threads.TaskThread$WrappingRunnable.run(TaskThread.java:61)
		at java.lang.Thread.run(Thread.java:748)
	Caused by: org.apache.tomcat.util.http.fileupload.impl.SizeLimitExceededException: the request was rejected because its size (81583706) exceeds the configured maximum (52428800)
		at org.apache.tomcat.util.http.fileupload.impl.FileItemIteratorImpl.init(FileItemIteratorImpl.java:150)
		at org.apache.tomcat.util.http.fileupload.impl.FileItemIteratorImpl.getMultiPartStream(FileItemIteratorImpl.java:194)
		at org.apache.tomcat.util.http.fileupload.impl.FileItemIteratorImpl.findNextItem(FileItemIteratorImpl.java:213)
		at org.apache.tomcat.util.http.fileupload.impl.FileItemIteratorImpl.<init>(FileItemIteratorImpl.java:131)
		at org.apache.tomcat.util.http.fileupload.FileUploadBase.getItemIterator(FileUploadBase.java:255)
		at org.apache.tomcat.util.http.fileupload.FileUploadBase.parseRequest(FileUploadBase.java:279)
		at org.apache.catalina.connector.Request.parseParts(Request.java:2867)
		... 28 more
16-Jan-2020 18:01:04.064 INFO [http-nio-8080-exec-13] org.apache.catalina.core.ApplicationContext.log HTMLManager: list: Listing contexts for virtual host 'localhost'
16-Jan-2020 18:01:14.111 SEVERE [http-nio-8080-exec-14] org.apache.catalina.core.ApplicationContext.log HTMLManager: FAIL - Deploy Upload Failed, Exception: [org.apache.tomcat.util.http.fileupload.impl.SizeLimitExceededException: the request was rejected because its size (81583706) exceeds the configured maximum (52428800)]
	java.lang.IllegalStateException: org.apache.tomcat.util.http.fileupload.impl.SizeLimitExceededException: the request was rejected because its size (81583706) exceeds the configured maximum (52428800)
		at org.apache.catalina.connector.Request.parseParts(Request.java:2911)
		at org.apache.catalina.connector.Request.parseParameters(Request.java:3195)
		at org.apache.catalina.connector.Request.getParameter(Request.java:1113)
		at org.apache.catalina.connector.RequestFacade.getParameter(RequestFacade.java:381)
		at org.apache.catalina.filters.CsrfPreventionFilter.doFilter(CsrfPreventionFilter.java:141)
		at org.apache.catalina.core.ApplicationFilterChain.internalDoFilter(ApplicationFilterChain.java:193)
		at org.apache.catalina.core.ApplicationFilterChain.doFilter(ApplicationFilterChain.java:166)
		at org.apache.tomcat.websocket.server.WsFilter.doFilter(WsFilter.java:53)
		at org.apache.catalina.core.ApplicationFilterChain.internalDoFilter(ApplicationFilterChain.java:193)
		at org.apache.catalina.core.ApplicationFilterChain.doFilter(ApplicationFilterChain.java:166)
		at org.apache.catalina.core.StandardWrapperValve.invoke(StandardWrapperValve.java:202)
		at org.apache.catalina.core.StandardContextValve.invoke(StandardContextValve.java:96)
		at org.apache.catalina.authenticator.AuthenticatorBase.invoke(AuthenticatorBase.java:666)
		at org.apache.catalina.valves.RequestFilterValve.process(RequestFilterValve.java:348)
		at org.apache.catalina.valves.RemoteAddrValve.invoke(RemoteAddrValve.java:53)
		at org.apache.catalina.core.StandardHostValve.invoke(StandardHostValve.java:139)
		at org.apache.catalina.valves.ErrorReportValve.invoke(ErrorReportValve.java:92)
		at org.apache.catalina.valves.AbstractAccessLogValve.invoke(AbstractAccessLogValve.java:678)
		at org.apache.catalina.core.StandardEngineValve.invoke(StandardEngineValve.java:74)
		at org.apache.catalina.connector.CoyoteAdapter.service(CoyoteAdapter.java:343)
		at org.apache.coyote.http11.Http11Processor.service(Http11Processor.java:367)
		at org.apache.coyote.AbstractProcessorLight.process(AbstractProcessorLight.java:65)
		at org.apache.coyote.AbstractProtocol$ConnectionHandler.process(AbstractProtocol.java:860)
		at org.apache.tomcat.util.net.NioEndpoint$SocketProcessor.doRun(NioEndpoint.java:1598)
		at org.apache.tomcat.util.net.SocketProcessorBase.run(SocketProcessorBase.java:49)
		at java.util.concurrent.ThreadPoolExecutor.runWorker(ThreadPoolExecutor.java:1149)
		at java.util.concurrent.ThreadPoolExecutor$Worker.run(ThreadPoolExecutor.java:624)
		at org.apache.tomcat.util.threads.TaskThread$WrappingRunnable.run(TaskThread.java:61)
		at java.lang.Thread.run(Thread.java:748)
	Caused by: org.apache.tomcat.util.http.fileupload.impl.SizeLimitExceededException: the request was rejected because its size (81583706) exceeds the configured maximum (52428800)
		at org.apache.tomcat.util.http.fileupload.impl.FileItemIteratorImpl.init(FileItemIteratorImpl.java:150)
		at org.apache.tomcat.util.http.fileupload.impl.FileItemIteratorImpl.getMultiPartStream(FileItemIteratorImpl.java:194)
		at org.apache.tomcat.util.http.fileupload.impl.FileItemIteratorImpl.findNextItem(FileItemIteratorImpl.java:213)
		at org.apache.tomcat.util.http.fileupload.impl.FileItemIteratorImpl.<init>(FileItemIteratorImpl.java:131)
		at org.apache.tomcat.util.http.fileupload.FileUploadBase.getItemIterator(FileUploadBase.java:255)
		at org.apache.tomcat.util.http.fileupload.FileUploadBase.parseRequest(FileUploadBase.java:279)
		at org.apache.catalina.connector.Request.parseParts(Request.java:2867)
		... 28 more
16-Jan-2020 18:01:14.111 INFO [http-nio-8080-exec-14] org.apache.catalina.core.ApplicationContext.log HTMLManager: list: Listing contexts for virtual host 'localhost'
16-Jan-2020 18:01:32.028 SEVERE [http-nio-8080-exec-15] org.apache.catalina.core.ApplicationContext.log HTMLManager: FAIL - Deploy Upload Failed, Exception: [org.apache.tomcat.util.http.fileupload.impl.SizeLimitExceededException: the request was rejected because its size (81583706) exceeds the configured maximum (52428800)]
	java.lang.IllegalStateException: org.apache.tomcat.util.http.fileupload.impl.SizeLimitExceededException: the request was rejected because its size (81583706) exceeds the configured maximum (52428800)
		at org.apache.catalina.connector.Request.parseParts(Request.java:2911)
		at org.apache.catalina.connector.Request.parseParameters(Request.java:3195)
		at org.apache.catalina.connector.Request.getParameter(Request.java:1113)
		at org.apache.catalina.connector.RequestFacade.getParameter(RequestFacade.java:381)
		at org.apache.catalina.filters.CsrfPreventionFilter.doFilter(CsrfPreventionFilter.java:141)
		at org.apache.catalina.core.ApplicationFilterChain.internalDoFilter(ApplicationFilterChain.java:193)
		at org.apache.catalina.core.ApplicationFilterChain.doFilter(ApplicationFilterChain.java:166)
		at org.apache.tomcat.websocket.server.WsFilter.doFilter(WsFilter.java:53)
		at org.apache.catalina.core.ApplicationFilterChain.internalDoFilter(ApplicationFilterChain.java:193)
		at org.apache.catalina.core.ApplicationFilterChain.doFilter(ApplicationFilterChain.java:166)
		at org.apache.catalina.core.StandardWrapperValve.invoke(StandardWrapperValve.java:202)
		at org.apache.catalina.core.StandardContextValve.invoke(StandardContextValve.java:96)
		at org.apache.catalina.authenticator.AuthenticatorBase.invoke(AuthenticatorBase.java:666)
		at org.apache.catalina.valves.RequestFilterValve.process(RequestFilterValve.java:348)
		at org.apache.catalina.valves.RemoteAddrValve.invoke(RemoteAddrValve.java:53)
		at org.apache.catalina.core.StandardHostValve.invoke(StandardHostValve.java:139)
		at org.apache.catalina.valves.ErrorReportValve.invoke(ErrorReportValve.java:92)
		at org.apache.catalina.valves.AbstractAccessLogValve.invoke(AbstractAccessLogValve.java:678)
		at org.apache.catalina.core.StandardEngineValve.invoke(StandardEngineValve.java:74)
		at org.apache.catalina.connector.CoyoteAdapter.service(CoyoteAdapter.java:343)
		at org.apache.coyote.http11.Http11Processor.service(Http11Processor.java:367)
		at org.apache.coyote.AbstractProcessorLight.process(AbstractProcessorLight.java:65)
		at org.apache.coyote.AbstractProtocol$ConnectionHandler.process(AbstractProtocol.java:860)
		at org.apache.tomcat.util.net.NioEndpoint$SocketProcessor.doRun(NioEndpoint.java:1598)
		at org.apache.tomcat.util.net.SocketProcessorBase.run(SocketProcessorBase.java:49)
		at java.util.concurrent.ThreadPoolExecutor.runWorker(ThreadPoolExecutor.java:1149)
		at java.util.concurrent.ThreadPoolExecutor$Worker.run(ThreadPoolExecutor.java:624)
		at org.apache.tomcat.util.threads.TaskThread$WrappingRunnable.run(TaskThread.java:61)
		at java.lang.Thread.run(Thread.java:748)
	Caused by: org.apache.tomcat.util.http.fileupload.impl.SizeLimitExceededException: the request was rejected because its size (81583706) exceeds the configured maximum (52428800)
		at org.apache.tomcat.util.http.fileupload.impl.FileItemIteratorImpl.init(FileItemIteratorImpl.java:150)
		at org.apache.tomcat.util.http.fileupload.impl.FileItemIteratorImpl.getMultiPartStream(FileItemIteratorImpl.java:194)
		at org.apache.tomcat.util.http.fileupload.impl.FileItemIteratorImpl.findNextItem(FileItemIteratorImpl.java:213)
		at org.apache.tomcat.util.http.fileupload.impl.FileItemIteratorImpl.<init>(FileItemIteratorImpl.java:131)
		at org.apache.tomcat.util.http.fileupload.FileUploadBase.getItemIterator(FileUploadBase.java:255)
		at org.apache.tomcat.util.http.fileupload.FileUploadBase.parseRequest(FileUploadBase.java:279)
		at org.apache.catalina.connector.Request.parseParts(Request.java:2867)
		... 28 more
16-Jan-2020 18:01:32.028 INFO [http-nio-8080-exec-15] org.apache.catalina.core.ApplicationContext.log HTMLManager: list: Listing contexts for virtual host 'localhost'
16-Jan-2020 18:01:36.093 SEVERE [http-nio-8080-exec-17] org.apache.catalina.core.ApplicationContext.log HTMLManager: FAIL - Deploy Upload Failed, Exception: [org.apache.tomcat.util.http.fileupload.impl.SizeLimitExceededException: the request was rejected because its size (81583706) exceeds the configured maximum (52428800)]
	java.lang.IllegalStateException: org.apache.tomcat.util.http.fileupload.impl.SizeLimitExceededException: the request was rejected because its size (81583706) exceeds the configured maximum (52428800)
		at org.apache.catalina.connector.Request.parseParts(Request.java:2911)
		at org.apache.catalina.connector.Request.parseParameters(Request.java:3195)
		at org.apache.catalina.connector.Request.getParameter(Request.java:1113)
		at org.apache.catalina.connector.RequestFacade.getParameter(RequestFacade.java:381)
		at org.apache.catalina.filters.CsrfPreventionFilter.doFilter(CsrfPreventionFilter.java:141)
		at org.apache.catalina.core.ApplicationFilterChain.internalDoFilter(ApplicationFilterChain.java:193)
		at org.apache.catalina.core.ApplicationFilterChain.doFilter(ApplicationFilterChain.java:166)
		at org.apache.tomcat.websocket.server.WsFilter.doFilter(WsFilter.java:53)
		at org.apache.catalina.core.ApplicationFilterChain.internalDoFilter(ApplicationFilterChain.java:193)
		at org.apache.catalina.core.ApplicationFilterChain.doFilter(ApplicationFilterChain.java:166)
		at org.apache.catalina.core.StandardWrapperValve.invoke(StandardWrapperValve.java:202)
		at org.apache.catalina.core.StandardContextValve.invoke(StandardContextValve.java:96)
		at org.apache.catalina.authenticator.AuthenticatorBase.invoke(AuthenticatorBase.java:666)
		at org.apache.catalina.valves.RequestFilterValve.process(RequestFilterValve.java:348)
		at org.apache.catalina.valves.RemoteAddrValve.invoke(RemoteAddrValve.java:53)
		at org.apache.catalina.core.StandardHostValve.invoke(StandardHostValve.java:139)
		at org.apache.catalina.valves.ErrorReportValve.invoke(ErrorReportValve.java:92)
		at org.apache.catalina.valves.AbstractAccessLogValve.invoke(AbstractAccessLogValve.java:678)
		at org.apache.catalina.core.StandardEngineValve.invoke(StandardEngineValve.java:74)
		at org.apache.catalina.connector.CoyoteAdapter.service(CoyoteAdapter.java:343)
		at org.apache.coyote.http11.Http11Processor.service(Http11Processor.java:367)
		at org.apache.coyote.AbstractProcessorLight.process(AbstractProcessorLight.java:65)
		at org.apache.coyote.AbstractProtocol$ConnectionHandler.process(AbstractProtocol.java:860)
		at org.apache.tomcat.util.net.NioEndpoint$SocketProcessor.doRun(NioEndpoint.java:1598)
		at org.apache.tomcat.util.net.SocketProcessorBase.run(SocketProcessorBase.java:49)
		at java.util.concurrent.ThreadPoolExecutor.runWorker(ThreadPoolExecutor.java:1149)
		at java.util.concurrent.ThreadPoolExecutor$Worker.run(ThreadPoolExecutor.java:624)
		at org.apache.tomcat.util.threads.TaskThread$WrappingRunnable.run(TaskThread.java:61)
		at java.lang.Thread.run(Thread.java:748)
	Caused by: org.apache.tomcat.util.http.fileupload.impl.SizeLimitExceededException: the request was rejected because its size (81583706) exceeds the configured maximum (52428800)
		at org.apache.tomcat.util.http.fileupload.impl.FileItemIteratorImpl.init(FileItemIteratorImpl.java:150)
		at org.apache.tomcat.util.http.fileupload.impl.FileItemIteratorImpl.getMultiPartStream(FileItemIteratorImpl.java:194)
		at org.apache.tomcat.util.http.fileupload.impl.FileItemIteratorImpl.findNextItem(FileItemIteratorImpl.java:213)
		at org.apache.tomcat.util.http.fileupload.impl.FileItemIteratorImpl.<init>(FileItemIteratorImpl.java:131)
		at org.apache.tomcat.util.http.fileupload.FileUploadBase.getItemIterator(FileUploadBase.java:255)
		at org.apache.tomcat.util.http.fileupload.FileUploadBase.parseRequest(FileUploadBase.java:279)
		at org.apache.catalina.connector.Request.parseParts(Request.java:2867)
		... 28 more
16-Jan-2020 18:01:36.093 INFO [http-nio-8080-exec-17] org.apache.catalina.core.ApplicationContext.log HTMLManager: list: Listing contexts for virtual host 'localhost'
16-Jan-2020 18:01:36.104 SEVERE [http-nio-8080-exec-18] org.apache.catalina.core.ApplicationContext.log HTMLManager: FAIL - Deploy Upload Failed, Exception: [org.apache.tomcat.util.http.fileupload.impl.SizeLimitExceededException: the request was rejected because its size (81583706) exceeds the configured maximum (52428800)]
	java.lang.IllegalStateException: org.apache.tomcat.util.http.fileupload.impl.SizeLimitExceededException: the request was rejected because its size (81583706) exceeds the configured maximum (52428800)
		at org.apache.catalina.connector.Request.parseParts(Request.java:2911)
		at org.apache.catalina.connector.Request.parseParameters(Request.java:3195)
		at org.apache.catalina.connector.Request.getParameter(Request.java:1113)
		at org.apache.catalina.connector.RequestFacade.getParameter(RequestFacade.java:381)
		at org.apache.catalina.filters.CsrfPreventionFilter.doFilter(CsrfPreventionFilter.java:141)
		at org.apache.catalina.core.ApplicationFilterChain.internalDoFilter(ApplicationFilterChain.java:193)
		at org.apache.catalina.core.ApplicationFilterChain.doFilter(ApplicationFilterChain.java:166)
		at org.apache.tomcat.websocket.server.WsFilter.doFilter(WsFilter.java:53)
		at org.apache.catalina.core.ApplicationFilterChain.internalDoFilter(ApplicationFilterChain.java:193)
		at org.apache.catalina.core.ApplicationFilterChain.doFilter(ApplicationFilterChain.java:166)
		at org.apache.catalina.core.StandardWrapperValve.invoke(StandardWrapperValve.java:202)
		at org.apache.catalina.core.StandardContextValve.invoke(StandardContextValve.java:96)
		at org.apache.catalina.authenticator.AuthenticatorBase.invoke(AuthenticatorBase.java:666)
		at org.apache.catalina.valves.RequestFilterValve.process(RequestFilterValve.java:348)
		at org.apache.catalina.valves.RemoteAddrValve.invoke(RemoteAddrValve.java:53)
		at org.apache.catalina.core.StandardHostValve.invoke(StandardHostValve.java:139)
		at org.apache.catalina.valves.ErrorReportValve.invoke(ErrorReportValve.java:92)
		at org.apache.catalina.valves.AbstractAccessLogValve.invoke(AbstractAccessLogValve.java:678)
		at org.apache.catalina.core.StandardEngineValve.invoke(StandardEngineValve.java:74)
		at org.apache.catalina.connector.CoyoteAdapter.service(CoyoteAdapter.java:343)
		at org.apache.coyote.http11.Http11Processor.service(Http11Processor.java:367)
		at org.apache.coyote.AbstractProcessorLight.process(AbstractProcessorLight.java:65)
		at org.apache.coyote.AbstractProtocol$ConnectionHandler.process(AbstractProtocol.java:860)
		at org.apache.tomcat.util.net.NioEndpoint$SocketProcessor.doRun(NioEndpoint.java:1598)
		at org.apache.tomcat.util.net.SocketProcessorBase.run(SocketProcessorBase.java:49)
		at java.util.concurrent.ThreadPoolExecutor.runWorker(ThreadPoolExecutor.java:1149)
		at java.util.concurrent.ThreadPoolExecutor$Worker.run(ThreadPoolExecutor.java:624)
		at org.apache.tomcat.util.threads.TaskThread$WrappingRunnable.run(TaskThread.java:61)
		at java.lang.Thread.run(Thread.java:748)
	Caused by: org.apache.tomcat.util.http.fileupload.impl.SizeLimitExceededException: the request was rejected because its size (81583706) exceeds the configured maximum (52428800)
		at org.apache.tomcat.util.http.fileupload.impl.FileItemIteratorImpl.init(FileItemIteratorImpl.java:150)
		at org.apache.tomcat.util.http.fileupload.impl.FileItemIteratorImpl.getMultiPartStream(FileItemIteratorImpl.java:194)
		at org.apache.tomcat.util.http.fileupload.impl.FileItemIteratorImpl.findNextItem(FileItemIteratorImpl.java:213)
		at org.apache.tomcat.util.http.fileupload.impl.FileItemIteratorImpl.<init>(FileItemIteratorImpl.java:131)
		at org.apache.tomcat.util.http.fileupload.FileUploadBase.getItemIterator(FileUploadBase.java:255)
		at org.apache.tomcat.util.http.fileupload.FileUploadBase.parseRequest(FileUploadBase.java:279)
		at org.apache.catalina.connector.Request.parseParts(Request.java:2867)
		... 28 more
16-Jan-2020 18:01:36.104 INFO [http-nio-8080-exec-18] org.apache.catalina.core.ApplicationContext.log HTMLManager: list: Listing contexts for virtual host 'localhost'
16-Jan-2020 18:17:47.530 INFO [http-nio-8080-exec-15] org.apache.catalina.core.ApplicationContext.log HTMLManager: list: Listing contexts for virtual host 'localhost'
16-Jan-2020 18:24:38.172 INFO [http-nio-8080-exec-12] org.apache.catalina.core.ApplicationContext.log HTMLManager: install: Installing web application '/dss-demo-webapp' from '/home/stefan/workspace/dss/dss-demonstrations/dss-demo-webapp'
16-Jan-2020 18:24:38.591 INFO [http-nio-8080-exec-12] org.apache.catalina.core.ApplicationContext.log HTMLManager: list: Listing contexts for virtual host 'localhost'
16-Jan-2020 18:25:06.520 INFO [http-nio-8080-exec-18] org.apache.catalina.core.ApplicationContext.log HTMLManager: list: Listing contexts for virtual host 'localhost'
16-Jan-2020 21:50:10.051 INFO [http-nio-8080-exec-4] org.apache.catalina.core.ApplicationContext.log HTMLManager: init: Associated with Deployer 'Catalina:type=Deployer,host=localhost'
16-Jan-2020 21:50:10.051 INFO [http-nio-8080-exec-4] org.apache.catalina.core.ApplicationContext.log HTMLManager: init: Global resources are available
16-Jan-2020 21:50:10.057 INFO [http-nio-8080-exec-4] org.apache.catalina.core.ApplicationContext.log HTMLManager: list: Listing contexts for virtual host 'localhost'
16-Jan-2020 21:50:21.666 INFO [http-nio-8080-exec-10] org.apache.catalina.core.ApplicationContext.log HTMLManager: install: Installing web application from 'null'
16-Jan-2020 21:50:21.666 INFO [http-nio-8080-exec-10] org.apache.catalina.core.ApplicationContext.log HTMLManager: list: Listing contexts for virtual host 'localhost'
16-Jan-2020 21:50:44.964 INFO [http-nio-8080-exec-2] org.apache.catalina.core.ApplicationContext.log HTMLManager: install: Installing web application '/diverse' from '/opt/tomcat/diverse'
16-Jan-2020 21:50:44.987 INFO [http-nio-8080-exec-2] org.apache.catalina.core.ApplicationContext.log HTMLManager: list: Listing contexts for virtual host 'localhost'
16-Jan-2020 21:58:19.665 INFO [http-nio-8080-exec-6] org.apache.catalina.core.ApplicationContext.log HTMLManager: list: Listing contexts for virtual host 'localhost'
16-Jan-2020 21:58:23.383 INFO [http-nio-8080-exec-8] org.apache.catalina.core.ApplicationContext.log HTMLManager: list: Listing contexts for virtual host 'localhost'
16-Jan-2020 22:19:30.002 INFO [http-nio-8080-exec-23] org.apache.catalina.core.ApplicationContext.log HTMLManager: list: Listing contexts for virtual host 'localhost'
16-Jan-2020 22:20:31.687 INFO [http-nio-8080-exec-31] org.apache.catalina.core.ApplicationContext.log HTMLManager: list: Listing contexts for virtual host 'localhost'
16-Jan-2020 22:20:43.725 INFO [http-nio-8080-exec-33] org.apache.catalina.core.ApplicationContext.log HTMLManager: start: Starting web application '/dss-demo-webapp-5.5'
16-Jan-2020 22:21:00.854 INFO [http-nio-8080-exec-33] org.apache.catalina.core.ApplicationContext.log HTMLManager: list: Listing contexts for virtual host 'localhost'
16-Jan-2020 22:21:45.872 INFO [http-nio-8080-exec-28] org.apache.catalina.core.ApplicationContext.log HTMLManager: list: Listing contexts for virtual host 'localhost'
16-Jan-2020 22:21:50.206 INFO [http-nio-8080-exec-35] org.apache.catalina.core.ApplicationContext.log HTMLManager: start: Starting web application '/dss-demo-webapp-5.5'
16-Jan-2020 22:21:53.995 INFO [http-nio-8080-exec-35] org.apache.catalina.core.ApplicationContext.log HTMLManager: list: Listing contexts for virtual host 'localhost'
16-Jan-2020 22:22:23.976 INFO [http-nio-8080-exec-27] org.apache.catalina.core.ApplicationContext.log HTMLManager: start: Starting web application '/dss-demo-webapp-5.5'
16-Jan-2020 22:22:39.630 INFO [http-nio-8080-exec-27] org.apache.catalina.core.ApplicationContext.log HTMLManager: list: Listing contexts for virtual host 'localhost'
16-Jan-2020 23:23:08.148 INFO [http-nio-8080-exec-1] org.apache.catalina.core.ApplicationContext.log HTMLManager: init: Associated with Deployer 'Catalina:type=Deployer,host=localhost'
16-Jan-2020 23:23:08.153 INFO [http-nio-8080-exec-1] org.apache.catalina.core.ApplicationContext.log HTMLManager: init: Global resources are available
16-Jan-2020 23:23:21.059 INFO [http-nio-8080-exec-5] org.apache.catalina.core.ApplicationContext.log HTMLManager: list: Listing contexts for virtual host 'localhost'
16-Jan-2020 23:23:26.368 INFO [http-nio-8080-exec-7] org.apache.catalina.core.ApplicationContext.log HTMLManager: stop: Stopping web application '/dss-demo-webapp-5.5'
16-Jan-2020 23:23:26.472 INFO [http-nio-8080-exec-7] org.apache.catalina.core.ApplicationContext.log HTMLManager: list: Listing contexts for virtual host 'localhost'
16-Jan-2020 23:23:31.478 INFO [http-nio-8080-exec-8] org.apache.catalina.core.ApplicationContext.log HTMLManager: start: Starting web application '/dss-demo-webapp-5.5'
16-Jan-2020 23:23:48.945 INFO [http-nio-8080-exec-8] org.apache.catalina.core.ApplicationContext.log HTMLManager: list: Listing contexts for virtual host 'localhost'
